  [1m[36m (8.9ms)[0m  [1mCREATE TABLE "schema_migrations" ("version" varchar NOT NULL) [0m
  [1m[35m (0.1ms)[0m  select sqlite_version(*)
  [1m[36m (6.9ms)[0m  [1mCREATE UNIQUE INDEX "unique_schema_migrations" ON "schema_migrations" ("version")[0m
  [1m[35mActiveRecord::SchemaMigration Load (0.1ms)[0m  SELECT "schema_migrations".* FROM "schema_migrations"
Migrating to CreateClientes (20150609002332)
  [1m[36m (0.1ms)[0m  [1mbegin transaction[0m
  [1m[35m (0.3ms)[0m  CREATE TABLE "clientes" ("id" INTEGER PRIMARY KEY AUTOINCREMENT NOT NULL, "nome" varchar, "fantasia" varchar, "endereco" varchar, "numero" varchar, "bairro" varchar, "cidade" varchar, "estado" varchar, "cep" varchar, "email" varchar, "dddfone" varchar, "fone" varchar, "dddcel" varchar, "celular" varchar, "status" varchar, "datanasc" datetime, "cpfcnpj" varchar, "rgie" varchar, "alterado" boolean, "tipopessoa" varchar, "created_at" datetime NOT NULL, "updated_at" datetime NOT NULL) 
  [1m[36mSQL (0.1ms)[0m  [1mINSERT INTO "schema_migrations" ("version") VALUES (?)[0m  [["version", "20150609002332"]]
  [1m[35m (7.8ms)[0m  commit transaction
  [1m[36mActiveRecord::SchemaMigration Load (0.1ms)[0m  [1mSELECT "schema_migrations".* FROM "schema_migrations"[0m


Started GET "/" for 187.7.184.79 at 2015-06-09 00:26:14 +0000
Cannot render console from 187.7.184.79! Allowed networks: 127.0.0.1, ::1, 127.0.0.0/127.255.255.255
  [1m[36mActiveRecord::SchemaMigration Load (0.1ms)[0m  [1mSELECT "schema_migrations".* FROM "schema_migrations"[0m
Processing by Rails::WelcomeController#index as HTML
  Rendered /root/.rvm/gems/ruby-2.2.2/gems/railties-4.2.1/lib/rails/templates/rails/welcome/index.html.erb (1.0ms)
Completed 200 OK in 11ms (Views: 4.7ms | ActiveRecord: 0.0ms)


Started GET "/clientes" for 187.7.184.79 at 2015-06-09 00:26:20 +0000
Cannot render console from 187.7.184.79! Allowed networks: 127.0.0.1, ::1, 127.0.0.0/127.255.255.255

AbstractController::ActionNotFound (The action 'index' could not be found for ClientesController):
  actionpack (4.2.1) lib/abstract_controller/base.rb:132:in `process'
  actionview (4.2.1) lib/action_view/rendering.rb:30:in `process'
  actionpack (4.2.1) lib/action_controller/metal.rb:196:in `dispatch'
  actionpack (4.2.1) lib/action_controller/metal/rack_delegation.rb:13:in `dispatch'
  actionpack (4.2.1) lib/action_controller/metal.rb:237:in `block in action'
  actionpack (4.2.1) lib/action_dispatch/routing/route_set.rb:74:in `call'
  actionpack (4.2.1) lib/action_dispatch/routing/route_set.rb:74:in `dispatch'
  actionpack (4.2.1) lib/action_dispatch/routing/route_set.rb:43:in `serve'
  actionpack (4.2.1) lib/action_dispatch/journey/router.rb:43:in `block in serve'
  actionpack (4.2.1) lib/action_dispatch/journey/router.rb:30:in `each'
  actionpack (4.2.1) lib/action_dispatch/journey/router.rb:30:in `serve'
  actionpack (4.2.1) lib/action_dispatch/routing/route_set.rb:819:in `call'
  rack (1.6.1) lib/rack/etag.rb:24:in `call'
  rack (1.6.1) lib/rack/conditionalget.rb:25:in `call'
  rack (1.6.1) lib/rack/head.rb:13:in `call'
  actionpack (4.2.1) lib/action_dispatch/middleware/params_parser.rb:27:in `call'
  actionpack (4.2.1) lib/action_dispatch/middleware/flash.rb:260:in `call'
  rack (1.6.1) lib/rack/session/abstract/id.rb:225:in `context'
  rack (1.6.1) lib/rack/session/abstract/id.rb:220:in `call'
  actionpack (4.2.1) lib/action_dispatch/middleware/cookies.rb:560:in `call'
  activerecord (4.2.1) lib/active_record/query_cache.rb:36:in `call'
  activerecord (4.2.1) lib/active_record/connection_adapters/abstract/connection_pool.rb:649:in `call'
  activerecord (4.2.1) lib/active_record/migration.rb:378:in `call'
  actionpack (4.2.1) lib/action_dispatch/middleware/callbacks.rb:29:in `block in call'
  activesupport (4.2.1) lib/active_support/callbacks.rb:88:in `call'
  activesupport (4.2.1) lib/active_support/callbacks.rb:88:in `_run_callbacks'
  activesupport (4.2.1) lib/active_support/callbacks.rb:776:in `_run_call_callbacks'
  activesupport (4.2.1) lib/active_support/callbacks.rb:81:in `run_callbacks'
  actionpack (4.2.1) lib/action_dispatch/middleware/callbacks.rb:27:in `call'
  actionpack (4.2.1) lib/action_dispatch/middleware/reloader.rb:73:in `call'
  actionpack (4.2.1) lib/action_dispatch/middleware/remote_ip.rb:78:in `call'
  actionpack (4.2.1) lib/action_dispatch/middleware/debug_exceptions.rb:17:in `call'
  web-console (2.1.2) lib/web_console/middleware.rb:29:in `call'
  actionpack (4.2.1) lib/action_dispatch/middleware/show_exceptions.rb:30:in `call'
  railties (4.2.1) lib/rails/rack/logger.rb:38:in `call_app'
  railties (4.2.1) lib/rails/rack/logger.rb:20:in `block in call'
  activesupport (4.2.1) lib/active_support/tagged_logging.rb:68:in `block in tagged'
  activesupport (4.2.1) lib/active_support/tagged_logging.rb:26:in `tagged'
  activesupport (4.2.1) lib/active_support/tagged_logging.rb:68:in `tagged'
  railties (4.2.1) lib/rails/rack/logger.rb:20:in `call'
  actionpack (4.2.1) lib/action_dispatch/middleware/request_id.rb:21:in `call'
  rack (1.6.1) lib/rack/methodoverride.rb:22:in `call'
  rack (1.6.1) lib/rack/runtime.rb:18:in `call'
  activesupport (4.2.1) lib/active_support/cache/strategy/local_cache_middleware.rb:28:in `call'
  rack (1.6.1) lib/rack/lock.rb:17:in `call'
  actionpack (4.2.1) lib/action_dispatch/middleware/static.rb:113:in `call'
  rack (1.6.1) lib/rack/sendfile.rb:113:in `call'
  railties (4.2.1) lib/rails/engine.rb:518:in `call'
  railties (4.2.1) lib/rails/application.rb:164:in `call'
  rack (1.6.1) lib/rack/lock.rb:17:in `call'
  rack (1.6.1) lib/rack/content_length.rb:15:in `call'
  rack (1.6.1) lib/rack/handler/webrick.rb:89:in `service'
  /usr/local/rvm/rubies/ruby-2.2.2/lib/ruby/2.2.0/webrick/httpserver.rb:138:in `service'
  /usr/local/rvm/rubies/ruby-2.2.2/lib/ruby/2.2.0/webrick/httpserver.rb:94:in `run'
  /usr/local/rvm/rubies/ruby-2.2.2/lib/ruby/2.2.0/webrick/server.rb:294:in `block in start_thread'


  Rendered /root/.rvm/gems/ruby-2.2.2/gems/actionpack-4.2.1/lib/action_dispatch/middleware/templates/rescues/unknown_action.html.erb within rescues/layout (0.4ms)


Started GET "/clientes/new" for 187.7.184.79 at 2015-06-09 00:26:38 +0000
Cannot render console from 187.7.184.79! Allowed networks: 127.0.0.1, ::1, 127.0.0.0/127.255.255.255

AbstractController::ActionNotFound (The action 'new' could not be found for ClientesController):
  actionpack (4.2.1) lib/abstract_controller/base.rb:132:in `process'
  actionview (4.2.1) lib/action_view/rendering.rb:30:in `process'
  actionpack (4.2.1) lib/action_controller/metal.rb:196:in `dispatch'
  actionpack (4.2.1) lib/action_controller/metal/rack_delegation.rb:13:in `dispatch'
  actionpack (4.2.1) lib/action_controller/metal.rb:237:in `block in action'
  actionpack (4.2.1) lib/action_dispatch/routing/route_set.rb:74:in `call'
  actionpack (4.2.1) lib/action_dispatch/routing/route_set.rb:74:in `dispatch'
  actionpack (4.2.1) lib/action_dispatch/routing/route_set.rb:43:in `serve'
  actionpack (4.2.1) lib/action_dispatch/journey/router.rb:43:in `block in serve'
  actionpack (4.2.1) lib/action_dispatch/journey/router.rb:30:in `each'
  actionpack (4.2.1) lib/action_dispatch/journey/router.rb:30:in `serve'
  actionpack (4.2.1) lib/action_dispatch/routing/route_set.rb:819:in `call'
  rack (1.6.1) lib/rack/etag.rb:24:in `call'
  rack (1.6.1) lib/rack/conditionalget.rb:25:in `call'
  rack (1.6.1) lib/rack/head.rb:13:in `call'
  actionpack (4.2.1) lib/action_dispatch/middleware/params_parser.rb:27:in `call'
  actionpack (4.2.1) lib/action_dispatch/middleware/flash.rb:260:in `call'
  rack (1.6.1) lib/rack/session/abstract/id.rb:225:in `context'
  rack (1.6.1) lib/rack/session/abstract/id.rb:220:in `call'
  actionpack (4.2.1) lib/action_dispatch/middleware/cookies.rb:560:in `call'
  activerecord (4.2.1) lib/active_record/query_cache.rb:36:in `call'
  activerecord (4.2.1) lib/active_record/connection_adapters/abstract/connection_pool.rb:649:in `call'
  activerecord (4.2.1) lib/active_record/migration.rb:378:in `call'
  actionpack (4.2.1) lib/action_dispatch/middleware/callbacks.rb:29:in `block in call'
  activesupport (4.2.1) lib/active_support/callbacks.rb:88:in `call'
  activesupport (4.2.1) lib/active_support/callbacks.rb:88:in `_run_callbacks'
  activesupport (4.2.1) lib/active_support/callbacks.rb:776:in `_run_call_callbacks'
  activesupport (4.2.1) lib/active_support/callbacks.rb:81:in `run_callbacks'
  actionpack (4.2.1) lib/action_dispatch/middleware/callbacks.rb:27:in `call'
  actionpack (4.2.1) lib/action_dispatch/middleware/reloader.rb:73:in `call'
  actionpack (4.2.1) lib/action_dispatch/middleware/remote_ip.rb:78:in `call'
  actionpack (4.2.1) lib/action_dispatch/middleware/debug_exceptions.rb:17:in `call'
  web-console (2.1.2) lib/web_console/middleware.rb:29:in `call'
  actionpack (4.2.1) lib/action_dispatch/middleware/show_exceptions.rb:30:in `call'
  railties (4.2.1) lib/rails/rack/logger.rb:38:in `call_app'
  railties (4.2.1) lib/rails/rack/logger.rb:20:in `block in call'
  activesupport (4.2.1) lib/active_support/tagged_logging.rb:68:in `block in tagged'
  activesupport (4.2.1) lib/active_support/tagged_logging.rb:26:in `tagged'
  activesupport (4.2.1) lib/active_support/tagged_logging.rb:68:in `tagged'
  railties (4.2.1) lib/rails/rack/logger.rb:20:in `call'
  actionpack (4.2.1) lib/action_dispatch/middleware/request_id.rb:21:in `call'
  rack (1.6.1) lib/rack/methodoverride.rb:22:in `call'
  rack (1.6.1) lib/rack/runtime.rb:18:in `call'
  activesupport (4.2.1) lib/active_support/cache/strategy/local_cache_middleware.rb:28:in `call'
  rack (1.6.1) lib/rack/lock.rb:17:in `call'
  actionpack (4.2.1) lib/action_dispatch/middleware/static.rb:113:in `call'
  rack (1.6.1) lib/rack/sendfile.rb:113:in `call'
  railties (4.2.1) lib/rails/engine.rb:518:in `call'
  railties (4.2.1) lib/rails/application.rb:164:in `call'
  rack (1.6.1) lib/rack/lock.rb:17:in `call'
  rack (1.6.1) lib/rack/content_length.rb:15:in `call'
  rack (1.6.1) lib/rack/handler/webrick.rb:89:in `service'
  /usr/local/rvm/rubies/ruby-2.2.2/lib/ruby/2.2.0/webrick/httpserver.rb:138:in `service'
  /usr/local/rvm/rubies/ruby-2.2.2/lib/ruby/2.2.0/webrick/httpserver.rb:94:in `run'
  /usr/local/rvm/rubies/ruby-2.2.2/lib/ruby/2.2.0/webrick/server.rb:294:in `block in start_thread'


  Rendered /root/.rvm/gems/ruby-2.2.2/gems/actionpack-4.2.1/lib/action_dispatch/middleware/templates/rescues/unknown_action.html.erb within rescues/layout (0.4ms)


Started GET "/clientes/create" for 187.7.184.79 at 2015-06-09 00:26:47 +0000
Cannot render console from 187.7.184.79! Allowed networks: 127.0.0.1, ::1, 127.0.0.0/127.255.255.255

AbstractController::ActionNotFound (The action 'show' could not be found for ClientesController):
  actionpack (4.2.1) lib/abstract_controller/base.rb:132:in `process'
  actionview (4.2.1) lib/action_view/rendering.rb:30:in `process'
  actionpack (4.2.1) lib/action_controller/metal.rb:196:in `dispatch'
  actionpack (4.2.1) lib/action_controller/metal/rack_delegation.rb:13:in `dispatch'
  actionpack (4.2.1) lib/action_controller/metal.rb:237:in `block in action'
  actionpack (4.2.1) lib/action_dispatch/routing/route_set.rb:74:in `call'
  actionpack (4.2.1) lib/action_dispatch/routing/route_set.rb:74:in `dispatch'
  actionpack (4.2.1) lib/action_dispatch/routing/route_set.rb:43:in `serve'
  actionpack (4.2.1) lib/action_dispatch/journey/router.rb:43:in `block in serve'
  actionpack (4.2.1) lib/action_dispatch/journey/router.rb:30:in `each'
  actionpack (4.2.1) lib/action_dispatch/journey/router.rb:30:in `serve'
  actionpack (4.2.1) lib/action_dispatch/routing/route_set.rb:819:in `call'
  rack (1.6.1) lib/rack/etag.rb:24:in `call'
  rack (1.6.1) lib/rack/conditionalget.rb:25:in `call'
  rack (1.6.1) lib/rack/head.rb:13:in `call'
  actionpack (4.2.1) lib/action_dispatch/middleware/params_parser.rb:27:in `call'
  actionpack (4.2.1) lib/action_dispatch/middleware/flash.rb:260:in `call'
  rack (1.6.1) lib/rack/session/abstract/id.rb:225:in `context'
  rack (1.6.1) lib/rack/session/abstract/id.rb:220:in `call'
  actionpack (4.2.1) lib/action_dispatch/middleware/cookies.rb:560:in `call'
  activerecord (4.2.1) lib/active_record/query_cache.rb:36:in `call'
  activerecord (4.2.1) lib/active_record/connection_adapters/abstract/connection_pool.rb:649:in `call'
  activerecord (4.2.1) lib/active_record/migration.rb:378:in `call'
  actionpack (4.2.1) lib/action_dispatch/middleware/callbacks.rb:29:in `block in call'
  activesupport (4.2.1) lib/active_support/callbacks.rb:88:in `call'
  activesupport (4.2.1) lib/active_support/callbacks.rb:88:in `_run_callbacks'
  activesupport (4.2.1) lib/active_support/callbacks.rb:776:in `_run_call_callbacks'
  activesupport (4.2.1) lib/active_support/callbacks.rb:81:in `run_callbacks'
  actionpack (4.2.1) lib/action_dispatch/middleware/callbacks.rb:27:in `call'
  actionpack (4.2.1) lib/action_dispatch/middleware/reloader.rb:73:in `call'
  actionpack (4.2.1) lib/action_dispatch/middleware/remote_ip.rb:78:in `call'
  actionpack (4.2.1) lib/action_dispatch/middleware/debug_exceptions.rb:17:in `call'
  web-console (2.1.2) lib/web_console/middleware.rb:29:in `call'
  actionpack (4.2.1) lib/action_dispatch/middleware/show_exceptions.rb:30:in `call'
  railties (4.2.1) lib/rails/rack/logger.rb:38:in `call_app'
  railties (4.2.1) lib/rails/rack/logger.rb:20:in `block in call'
  activesupport (4.2.1) lib/active_support/tagged_logging.rb:68:in `block in tagged'
  activesupport (4.2.1) lib/active_support/tagged_logging.rb:26:in `tagged'
  activesupport (4.2.1) lib/active_support/tagged_logging.rb:68:in `tagged'
  railties (4.2.1) lib/rails/rack/logger.rb:20:in `call'
  actionpack (4.2.1) lib/action_dispatch/middleware/request_id.rb:21:in `call'
  rack (1.6.1) lib/rack/methodoverride.rb:22:in `call'
  rack (1.6.1) lib/rack/runtime.rb:18:in `call'
  activesupport (4.2.1) lib/active_support/cache/strategy/local_cache_middleware.rb:28:in `call'
  rack (1.6.1) lib/rack/lock.rb:17:in `call'
  actionpack (4.2.1) lib/action_dispatch/middleware/static.rb:113:in `call'
  rack (1.6.1) lib/rack/sendfile.rb:113:in `call'
  railties (4.2.1) lib/rails/engine.rb:518:in `call'
  railties (4.2.1) lib/rails/application.rb:164:in `call'
  rack (1.6.1) lib/rack/lock.rb:17:in `call'
  rack (1.6.1) lib/rack/content_length.rb:15:in `call'
  rack (1.6.1) lib/rack/handler/webrick.rb:89:in `service'
  /usr/local/rvm/rubies/ruby-2.2.2/lib/ruby/2.2.0/webrick/httpserver.rb:138:in `service'
  /usr/local/rvm/rubies/ruby-2.2.2/lib/ruby/2.2.0/webrick/httpserver.rb:94:in `run'
  /usr/local/rvm/rubies/ruby-2.2.2/lib/ruby/2.2.0/webrick/server.rb:294:in `block in start_thread'


  Rendered /root/.rvm/gems/ruby-2.2.2/gems/actionpack-4.2.1/lib/action_dispatch/middleware/templates/rescues/unknown_action.html.erb within rescues/layout (0.3ms)


Started GET "/clientes" for 187.7.184.79 at 2015-06-09 00:26:50 +0000
Cannot render console from 187.7.184.79! Allowed networks: 127.0.0.1, ::1, 127.0.0.0/127.255.255.255

AbstractController::ActionNotFound (The action 'index' could not be found for ClientesController):
  actionpack (4.2.1) lib/abstract_controller/base.rb:132:in `process'
  actionview (4.2.1) lib/action_view/rendering.rb:30:in `process'
  actionpack (4.2.1) lib/action_controller/metal.rb:196:in `dispatch'
  actionpack (4.2.1) lib/action_controller/metal/rack_delegation.rb:13:in `dispatch'
  actionpack (4.2.1) lib/action_controller/metal.rb:237:in `block in action'
  actionpack (4.2.1) lib/action_dispatch/routing/route_set.rb:74:in `call'
  actionpack (4.2.1) lib/action_dispatch/routing/route_set.rb:74:in `dispatch'
  actionpack (4.2.1) lib/action_dispatch/routing/route_set.rb:43:in `serve'
  actionpack (4.2.1) lib/action_dispatch/journey/router.rb:43:in `block in serve'
  actionpack (4.2.1) lib/action_dispatch/journey/router.rb:30:in `each'
  actionpack (4.2.1) lib/action_dispatch/journey/router.rb:30:in `serve'
  actionpack (4.2.1) lib/action_dispatch/routing/route_set.rb:819:in `call'
  rack (1.6.1) lib/rack/etag.rb:24:in `call'
  rack (1.6.1) lib/rack/conditionalget.rb:25:in `call'
  rack (1.6.1) lib/rack/head.rb:13:in `call'
  actionpack (4.2.1) lib/action_dispatch/middleware/params_parser.rb:27:in `call'
  actionpack (4.2.1) lib/action_dispatch/middleware/flash.rb:260:in `call'
  rack (1.6.1) lib/rack/session/abstract/id.rb:225:in `context'
  rack (1.6.1) lib/rack/session/abstract/id.rb:220:in `call'
  actionpack (4.2.1) lib/action_dispatch/middleware/cookies.rb:560:in `call'
  activerecord (4.2.1) lib/active_record/query_cache.rb:36:in `call'
  activerecord (4.2.1) lib/active_record/connection_adapters/abstract/connection_pool.rb:649:in `call'
  activerecord (4.2.1) lib/active_record/migration.rb:378:in `call'
  actionpack (4.2.1) lib/action_dispatch/middleware/callbacks.rb:29:in `block in call'
  activesupport (4.2.1) lib/active_support/callbacks.rb:88:in `call'
  activesupport (4.2.1) lib/active_support/callbacks.rb:88:in `_run_callbacks'
  activesupport (4.2.1) lib/active_support/callbacks.rb:776:in `_run_call_callbacks'
  activesupport (4.2.1) lib/active_support/callbacks.rb:81:in `run_callbacks'
  actionpack (4.2.1) lib/action_dispatch/middleware/callbacks.rb:27:in `call'
  actionpack (4.2.1) lib/action_dispatch/middleware/reloader.rb:73:in `call'
  actionpack (4.2.1) lib/action_dispatch/middleware/remote_ip.rb:78:in `call'
  actionpack (4.2.1) lib/action_dispatch/middleware/debug_exceptions.rb:17:in `call'
  web-console (2.1.2) lib/web_console/middleware.rb:29:in `call'
  actionpack (4.2.1) lib/action_dispatch/middleware/show_exceptions.rb:30:in `call'
  railties (4.2.1) lib/rails/rack/logger.rb:38:in `call_app'
  railties (4.2.1) lib/rails/rack/logger.rb:20:in `block in call'
  activesupport (4.2.1) lib/active_support/tagged_logging.rb:68:in `block in tagged'
  activesupport (4.2.1) lib/active_support/tagged_logging.rb:26:in `tagged'
  activesupport (4.2.1) lib/active_support/tagged_logging.rb:68:in `tagged'
  railties (4.2.1) lib/rails/rack/logger.rb:20:in `call'
  actionpack (4.2.1) lib/action_dispatch/middleware/request_id.rb:21:in `call'
  rack (1.6.1) lib/rack/methodoverride.rb:22:in `call'
  rack (1.6.1) lib/rack/runtime.rb:18:in `call'
  activesupport (4.2.1) lib/active_support/cache/strategy/local_cache_middleware.rb:28:in `call'
  rack (1.6.1) lib/rack/lock.rb:17:in `call'
  actionpack (4.2.1) lib/action_dispatch/middleware/static.rb:113:in `call'
  rack (1.6.1) lib/rack/sendfile.rb:113:in `call'
  railties (4.2.1) lib/rails/engine.rb:518:in `call'
  railties (4.2.1) lib/rails/application.rb:164:in `call'
  rack (1.6.1) lib/rack/lock.rb:17:in `call'
  rack (1.6.1) lib/rack/content_length.rb:15:in `call'
  rack (1.6.1) lib/rack/handler/webrick.rb:89:in `service'
  /usr/local/rvm/rubies/ruby-2.2.2/lib/ruby/2.2.0/webrick/httpserver.rb:138:in `service'
  /usr/local/rvm/rubies/ruby-2.2.2/lib/ruby/2.2.0/webrick/httpserver.rb:94:in `run'
  /usr/local/rvm/rubies/ruby-2.2.2/lib/ruby/2.2.0/webrick/server.rb:294:in `block in start_thread'


  Rendered /root/.rvm/gems/ruby-2.2.2/gems/actionpack-4.2.1/lib/action_dispatch/middleware/templates/rescues/unknown_action.html.erb within rescues/layout (0.3ms)


Started GET "/clientes" for 187.7.184.79 at 2015-06-09 00:27:16 +0000
Cannot render console from 187.7.184.79! Allowed networks: 127.0.0.1, ::1, 127.0.0.0/127.255.255.255
Processing by ClientesController#index as HTML
Completed 500 Internal Server Error in 1ms (ActiveRecord: 0.0ms)

ActionView::MissingTemplate (Missing template clientes/index, application/index with {:locale=>[:en], :formats=>[:html], :variants=>[], :handlers=>[:erb, :builder, :raw, :ruby, :coffee, :jbuilder]}. Searched in:
  * "/var/www/html/first_on_cloud9/app/views"
):
  actionview (4.2.1) lib/action_view/path_set.rb:46:in `find'
  actionview (4.2.1) lib/action_view/lookup_context.rb:121:in `find'
  actionview (4.2.1) lib/action_view/renderer/abstract_renderer.rb:18:in `find_template'
  actionview (4.2.1) lib/action_view/renderer/template_renderer.rb:40:in `determine_template'
  actionview (4.2.1) lib/action_view/renderer/template_renderer.rb:8:in `render'
  actionview (4.2.1) lib/action_view/renderer/renderer.rb:42:in `render_template'
  actionview (4.2.1) lib/action_view/renderer/renderer.rb:23:in `render'
  actionview (4.2.1) lib/action_view/rendering.rb:100:in `_render_template'
  actionpack (4.2.1) lib/action_controller/metal/streaming.rb:217:in `_render_template'
  actionview (4.2.1) lib/action_view/rendering.rb:83:in `render_to_body'
  actionpack (4.2.1) lib/action_controller/metal/rendering.rb:32:in `render_to_body'
  actionpack (4.2.1) lib/action_controller/metal/renderers.rb:37:in `render_to_body'
  actionpack (4.2.1) lib/abstract_controller/rendering.rb:25:in `render'
  actionpack (4.2.1) lib/action_controller/metal/rendering.rb:16:in `render'
  actionpack (4.2.1) lib/action_controller/metal/instrumentation.rb:44:in `block (2 levels) in render'
  activesupport (4.2.1) lib/active_support/core_ext/benchmark.rb:12:in `block in ms'
  /usr/local/rvm/rubies/ruby-2.2.2/lib/ruby/2.2.0/benchmark.rb:303:in `realtime'
  activesupport (4.2.1) lib/active_support/core_ext/benchmark.rb:12:in `ms'
  actionpack (4.2.1) lib/action_controller/metal/instrumentation.rb:44:in `block in render'
  actionpack (4.2.1) lib/action_controller/metal/instrumentation.rb:87:in `cleanup_view_runtime'
  activerecord (4.2.1) lib/active_record/railties/controller_runtime.rb:25:in `cleanup_view_runtime'
  actionpack (4.2.1) lib/action_controller/metal/instrumentation.rb:43:in `render'
  actionpack (4.2.1) lib/action_controller/metal/implicit_render.rb:10:in `default_render'
  actionpack (4.2.1) lib/action_controller/metal/implicit_render.rb:5:in `send_action'
  actionpack (4.2.1) lib/abstract_controller/base.rb:198:in `process_action'
  actionpack (4.2.1) lib/action_controller/metal/rendering.rb:10:in `process_action'
  actionpack (4.2.1) lib/abstract_controller/callbacks.rb:20:in `block in process_action'
  activesupport (4.2.1) lib/active_support/callbacks.rb:117:in `call'
  activesupport (4.2.1) lib/active_support/callbacks.rb:117:in `call'
  activesupport (4.2.1) lib/active_support/callbacks.rb:555:in `block (2 levels) in compile'
  activesupport (4.2.1) lib/active_support/callbacks.rb:505:in `call'
  activesupport (4.2.1) lib/active_support/callbacks.rb:505:in `call'
  activesupport (4.2.1) lib/active_support/callbacks.rb:92:in `_run_callbacks'
  activesupport (4.2.1) lib/active_support/callbacks.rb:776:in `_run_process_action_callbacks'
  activesupport (4.2.1) lib/active_support/callbacks.rb:81:in `run_callbacks'
  actionpack (4.2.1) lib/abstract_controller/callbacks.rb:19:in `process_action'
  actionpack (4.2.1) lib/action_controller/metal/rescue.rb:29:in `process_action'
  actionpack (4.2.1) lib/action_controller/metal/instrumentation.rb:32:in `block in process_action'
  activesupport (4.2.1) lib/active_support/notifications.rb:164:in `block in instrument'
  activesupport (4.2.1) lib/active_support/notifications/instrumenter.rb:20:in `instrument'
  activesupport (4.2.1) lib/active_support/notifications.rb:164:in `instrument'
  actionpack (4.2.1) lib/action_controller/metal/instrumentation.rb:30:in `process_action'
  actionpack (4.2.1) lib/action_controller/metal/params_wrapper.rb:250:in `process_action'
  activerecord (4.2.1) lib/active_record/railties/controller_runtime.rb:18:in `process_action'
  actionpack (4.2.1) lib/abstract_controller/base.rb:137:in `process'
  actionview (4.2.1) lib/action_view/rendering.rb:30:in `process'
  actionpack (4.2.1) lib/action_controller/metal.rb:196:in `dispatch'
  actionpack (4.2.1) lib/action_controller/metal/rack_delegation.rb:13:in `dispatch'
  actionpack (4.2.1) lib/action_controller/metal.rb:237:in `block in action'
  actionpack (4.2.1) lib/action_dispatch/routing/route_set.rb:74:in `call'
  actionpack (4.2.1) lib/action_dispatch/routing/route_set.rb:74:in `dispatch'
  actionpack (4.2.1) lib/action_dispatch/routing/route_set.rb:43:in `serve'
  actionpack (4.2.1) lib/action_dispatch/journey/router.rb:43:in `block in serve'
  actionpack (4.2.1) lib/action_dispatch/journey/router.rb:30:in `each'
  actionpack (4.2.1) lib/action_dispatch/journey/router.rb:30:in `serve'
  actionpack (4.2.1) lib/action_dispatch/routing/route_set.rb:819:in `call'
  rack (1.6.1) lib/rack/etag.rb:24:in `call'
  rack (1.6.1) lib/rack/conditionalget.rb:25:in `call'
  rack (1.6.1) lib/rack/head.rb:13:in `call'
  actionpack (4.2.1) lib/action_dispatch/middleware/params_parser.rb:27:in `call'
  actionpack (4.2.1) lib/action_dispatch/middleware/flash.rb:260:in `call'
  rack (1.6.1) lib/rack/session/abstract/id.rb:225:in `context'
  rack (1.6.1) lib/rack/session/abstract/id.rb:220:in `call'
  actionpack (4.2.1) lib/action_dispatch/middleware/cookies.rb:560:in `call'
  activerecord (4.2.1) lib/active_record/query_cache.rb:36:in `call'
  activerecord (4.2.1) lib/active_record/connection_adapters/abstract/connection_pool.rb:649:in `call'
  activerecord (4.2.1) lib/active_record/migration.rb:378:in `call'
  actionpack (4.2.1) lib/action_dispatch/middleware/callbacks.rb:29:in `block in call'
  activesupport (4.2.1) lib/active_support/callbacks.rb:88:in `call'
  activesupport (4.2.1) lib/active_support/callbacks.rb:88:in `_run_callbacks'
  activesupport (4.2.1) lib/active_support/callbacks.rb:776:in `_run_call_callbacks'
  activesupport (4.2.1) lib/active_support/callbacks.rb:81:in `run_callbacks'
  actionpack (4.2.1) lib/action_dispatch/middleware/callbacks.rb:27:in `call'
  actionpack (4.2.1) lib/action_dispatch/middleware/reloader.rb:73:in `call'
  actionpack (4.2.1) lib/action_dispatch/middleware/remote_ip.rb:78:in `call'
  actionpack (4.2.1) lib/action_dispatch/middleware/debug_exceptions.rb:17:in `call'
  web-console (2.1.2) lib/web_console/middleware.rb:29:in `call'
  actionpack (4.2.1) lib/action_dispatch/middleware/show_exceptions.rb:30:in `call'
  railties (4.2.1) lib/rails/rack/logger.rb:38:in `call_app'
  railties (4.2.1) lib/rails/rack/logger.rb:20:in `block in call'
  activesupport (4.2.1) lib/active_support/tagged_logging.rb:68:in `block in tagged'
  activesupport (4.2.1) lib/active_support/tagged_logging.rb:26:in `tagged'
  activesupport (4.2.1) lib/active_support/tagged_logging.rb:68:in `tagged'
  railties (4.2.1) lib/rails/rack/logger.rb:20:in `call'
  actionpack (4.2.1) lib/action_dispatch/middleware/request_id.rb:21:in `call'
  rack (1.6.1) lib/rack/methodoverride.rb:22:in `call'
  rack (1.6.1) lib/rack/runtime.rb:18:in `call'
  activesupport (4.2.1) lib/active_support/cache/strategy/local_cache_middleware.rb:28:in `call'
  rack (1.6.1) lib/rack/lock.rb:17:in `call'
  actionpack (4.2.1) lib/action_dispatch/middleware/static.rb:113:in `call'
  rack (1.6.1) lib/rack/sendfile.rb:113:in `call'
  railties (4.2.1) lib/rails/engine.rb:518:in `call'
  railties (4.2.1) lib/rails/application.rb:164:in `call'
  rack (1.6.1) lib/rack/lock.rb:17:in `call'
  rack (1.6.1) lib/rack/content_length.rb:15:in `call'
  rack (1.6.1) lib/rack/handler/webrick.rb:89:in `service'
  /usr/local/rvm/rubies/ruby-2.2.2/lib/ruby/2.2.0/webrick/httpserver.rb:138:in `service'
  /usr/local/rvm/rubies/ruby-2.2.2/lib/ruby/2.2.0/webrick/httpserver.rb:94:in `run'
  /usr/local/rvm/rubies/ruby-2.2.2/lib/ruby/2.2.0/webrick/server.rb:294:in `block in start_thread'


  Rendered /root/.rvm/gems/ruby-2.2.2/gems/actionpack-4.2.1/lib/action_dispatch/middleware/templates/rescues/_source.erb (5.6ms)
  Rendered /root/.rvm/gems/ruby-2.2.2/gems/actionpack-4.2.1/lib/action_dispatch/middleware/templates/rescues/_trace.html.erb (2.3ms)
  Rendered /root/.rvm/gems/ruby-2.2.2/gems/actionpack-4.2.1/lib/action_dispatch/middleware/templates/rescues/_request_and_response.html.erb (0.8ms)
  Rendered /root/.rvm/gems/ruby-2.2.2/gems/actionpack-4.2.1/lib/action_dispatch/middleware/templates/rescues/missing_template.html.erb within rescues/layout (25.5ms)
  [1m[36mActiveRecord::SchemaMigration Load (0.1ms)[0m  [1mSELECT "schema_migrations".* FROM "schema_migrations"[0m
  [1m[35mActiveRecord::SchemaMigration Load (0.1ms)[0m  SELECT "schema_migrations".* FROM "schema_migrations"
Migrating to CreateClientes (20150609002332)
  [1m[36m (0.1ms)[0m  [1mbegin transaction[0m
  [1m[35m (0.2ms)[0m  DROP TABLE "clientes"
  [1m[36mSQL (0.1ms)[0m  [1mDELETE FROM "schema_migrations" WHERE "schema_migrations"."version" = ?[0m  [["version", "20150609002332"]]
  [1m[35m (6.8ms)[0m  commit transaction
  [1m[36mActiveRecord::SchemaMigration Load (0.1ms)[0m  [1mSELECT "schema_migrations".* FROM "schema_migrations"[0m


Started GET "/clientes" for 187.7.184.79 at 2015-06-09 00:33:33 +0000
Cannot render console from 187.7.184.79! Allowed networks: 127.0.0.1, ::1, 127.0.0.0/127.255.255.255
  [1m[35mActiveRecord::SchemaMigration Load (0.1ms)[0m  SELECT "schema_migrations".* FROM "schema_migrations"

ActiveRecord::PendingMigrationError (

Migrations are pending. To resolve this issue, run:

	bin/rake db:migrate RAILS_ENV=development

):
  activerecord (4.2.1) lib/active_record/migration.rb:393:in `check_pending!'
  activerecord (4.2.1) lib/active_record/migration.rb:374:in `call'
  actionpack (4.2.1) lib/action_dispatch/middleware/callbacks.rb:29:in `block in call'
  activesupport (4.2.1) lib/active_support/callbacks.rb:88:in `call'
  activesupport (4.2.1) lib/active_support/callbacks.rb:88:in `_run_callbacks'
  activesupport (4.2.1) lib/active_support/callbacks.rb:776:in `_run_call_callbacks'
  activesupport (4.2.1) lib/active_support/callbacks.rb:81:in `run_callbacks'
  actionpack (4.2.1) lib/action_dispatch/middleware/callbacks.rb:27:in `call'
  actionpack (4.2.1) lib/action_dispatch/middleware/reloader.rb:73:in `call'
  actionpack (4.2.1) lib/action_dispatch/middleware/remote_ip.rb:78:in `call'
  actionpack (4.2.1) lib/action_dispatch/middleware/debug_exceptions.rb:17:in `call'
  web-console (2.1.2) lib/web_console/middleware.rb:29:in `call'
  actionpack (4.2.1) lib/action_dispatch/middleware/show_exceptions.rb:30:in `call'
  railties (4.2.1) lib/rails/rack/logger.rb:38:in `call_app'
  railties (4.2.1) lib/rails/rack/logger.rb:20:in `block in call'
  activesupport (4.2.1) lib/active_support/tagged_logging.rb:68:in `block in tagged'
  activesupport (4.2.1) lib/active_support/tagged_logging.rb:26:in `tagged'
  activesupport (4.2.1) lib/active_support/tagged_logging.rb:68:in `tagged'
  railties (4.2.1) lib/rails/rack/logger.rb:20:in `call'
  actionpack (4.2.1) lib/action_dispatch/middleware/request_id.rb:21:in `call'
  rack (1.6.1) lib/rack/methodoverride.rb:22:in `call'
  rack (1.6.1) lib/rack/runtime.rb:18:in `call'
  activesupport (4.2.1) lib/active_support/cache/strategy/local_cache_middleware.rb:28:in `call'
  rack (1.6.1) lib/rack/lock.rb:17:in `call'
  actionpack (4.2.1) lib/action_dispatch/middleware/static.rb:113:in `call'
  rack (1.6.1) lib/rack/sendfile.rb:113:in `call'
  railties (4.2.1) lib/rails/engine.rb:518:in `call'
  railties (4.2.1) lib/rails/application.rb:164:in `call'
  rack (1.6.1) lib/rack/lock.rb:17:in `call'
  rack (1.6.1) lib/rack/content_length.rb:15:in `call'
  rack (1.6.1) lib/rack/handler/webrick.rb:89:in `service'
  /usr/local/rvm/rubies/ruby-2.2.2/lib/ruby/2.2.0/webrick/httpserver.rb:138:in `service'
  /usr/local/rvm/rubies/ruby-2.2.2/lib/ruby/2.2.0/webrick/httpserver.rb:94:in `run'
  /usr/local/rvm/rubies/ruby-2.2.2/lib/ruby/2.2.0/webrick/server.rb:294:in `block in start_thread'


  Rendered /root/.rvm/gems/ruby-2.2.2/gems/actionpack-4.2.1/lib/action_dispatch/middleware/templates/rescues/_source.erb (2.3ms)
  Rendered /root/.rvm/gems/ruby-2.2.2/gems/actionpack-4.2.1/lib/action_dispatch/middleware/templates/rescues/_trace.html.erb (1.2ms)
  Rendered /root/.rvm/gems/ruby-2.2.2/gems/actionpack-4.2.1/lib/action_dispatch/middleware/templates/rescues/_request_and_response.html.erb (3.3ms)
  Rendered /root/.rvm/gems/ruby-2.2.2/gems/actionpack-4.2.1/lib/action_dispatch/middleware/templates/rescues/diagnostics.html.erb within rescues/layout (19.1ms)


Started GET "/clientes" for 187.7.184.79 at 2015-06-09 00:33:38 +0000
Cannot render console from 187.7.184.79! Allowed networks: 127.0.0.1, ::1, 127.0.0.0/127.255.255.255
  [1m[36mActiveRecord::SchemaMigration Load (0.1ms)[0m  [1mSELECT "schema_migrations".* FROM "schema_migrations"[0m

ActiveRecord::PendingMigrationError (

Migrations are pending. To resolve this issue, run:

	bin/rake db:migrate RAILS_ENV=development

):
  activerecord (4.2.1) lib/active_record/migration.rb:393:in `check_pending!'
  activerecord (4.2.1) lib/active_record/migration.rb:374:in `call'
  actionpack (4.2.1) lib/action_dispatch/middleware/callbacks.rb:29:in `block in call'
  activesupport (4.2.1) lib/active_support/callbacks.rb:88:in `call'
  activesupport (4.2.1) lib/active_support/callbacks.rb:88:in `_run_callbacks'
  activesupport (4.2.1) lib/active_support/callbacks.rb:776:in `_run_call_callbacks'
  activesupport (4.2.1) lib/active_support/callbacks.rb:81:in `run_callbacks'
  actionpack (4.2.1) lib/action_dispatch/middleware/callbacks.rb:27:in `call'
  actionpack (4.2.1) lib/action_dispatch/middleware/reloader.rb:73:in `call'
  actionpack (4.2.1) lib/action_dispatch/middleware/remote_ip.rb:78:in `call'
  actionpack (4.2.1) lib/action_dispatch/middleware/debug_exceptions.rb:17:in `call'
  web-console (2.1.2) lib/web_console/middleware.rb:29:in `call'
  actionpack (4.2.1) lib/action_dispatch/middleware/show_exceptions.rb:30:in `call'
  railties (4.2.1) lib/rails/rack/logger.rb:38:in `call_app'
  railties (4.2.1) lib/rails/rack/logger.rb:20:in `block in call'
  activesupport (4.2.1) lib/active_support/tagged_logging.rb:68:in `block in tagged'
  activesupport (4.2.1) lib/active_support/tagged_logging.rb:26:in `tagged'
  activesupport (4.2.1) lib/active_support/tagged_logging.rb:68:in `tagged'
  railties (4.2.1) lib/rails/rack/logger.rb:20:in `call'
  actionpack (4.2.1) lib/action_dispatch/middleware/request_id.rb:21:in `call'
  rack (1.6.1) lib/rack/methodoverride.rb:22:in `call'
  rack (1.6.1) lib/rack/runtime.rb:18:in `call'
  activesupport (4.2.1) lib/active_support/cache/strategy/local_cache_middleware.rb:28:in `call'
  rack (1.6.1) lib/rack/lock.rb:17:in `call'
  actionpack (4.2.1) lib/action_dispatch/middleware/static.rb:113:in `call'
  rack (1.6.1) lib/rack/sendfile.rb:113:in `call'
  railties (4.2.1) lib/rails/engine.rb:518:in `call'
  railties (4.2.1) lib/rails/application.rb:164:in `call'
  rack (1.6.1) lib/rack/lock.rb:17:in `call'
  rack (1.6.1) lib/rack/content_length.rb:15:in `call'
  rack (1.6.1) lib/rack/handler/webrick.rb:89:in `service'
  /usr/local/rvm/rubies/ruby-2.2.2/lib/ruby/2.2.0/webrick/httpserver.rb:138:in `service'
  /usr/local/rvm/rubies/ruby-2.2.2/lib/ruby/2.2.0/webrick/httpserver.rb:94:in `run'
  /usr/local/rvm/rubies/ruby-2.2.2/lib/ruby/2.2.0/webrick/server.rb:294:in `block in start_thread'


  Rendered /root/.rvm/gems/ruby-2.2.2/gems/actionpack-4.2.1/lib/action_dispatch/middleware/templates/rescues/_source.erb (2.3ms)
  Rendered /root/.rvm/gems/ruby-2.2.2/gems/actionpack-4.2.1/lib/action_dispatch/middleware/templates/rescues/_trace.html.erb (1.3ms)
  Rendered /root/.rvm/gems/ruby-2.2.2/gems/actionpack-4.2.1/lib/action_dispatch/middleware/templates/rescues/_request_and_response.html.erb (0.7ms)
  Rendered /root/.rvm/gems/ruby-2.2.2/gems/actionpack-4.2.1/lib/action_dispatch/middleware/templates/rescues/diagnostics.html.erb within rescues/layout (16.2ms)


Started GET "/clientes" for 187.7.184.79 at 2015-06-09 00:33:54 +0000
Cannot render console from 187.7.184.79! Allowed networks: 127.0.0.1, ::1, 127.0.0.0/127.255.255.255
  [1m[36mActiveRecord::SchemaMigration Load (0.1ms)[0m  [1mSELECT "schema_migrations".* FROM "schema_migrations"[0m

ActiveRecord::PendingMigrationError (

Migrations are pending. To resolve this issue, run:

	bin/rake db:migrate RAILS_ENV=development

):
  activerecord (4.2.1) lib/active_record/migration.rb:393:in `check_pending!'
  activerecord (4.2.1) lib/active_record/migration.rb:374:in `call'
  actionpack (4.2.1) lib/action_dispatch/middleware/callbacks.rb:29:in `block in call'
  activesupport (4.2.1) lib/active_support/callbacks.rb:88:in `call'
  activesupport (4.2.1) lib/active_support/callbacks.rb:88:in `_run_callbacks'
  activesupport (4.2.1) lib/active_support/callbacks.rb:776:in `_run_call_callbacks'
  activesupport (4.2.1) lib/active_support/callbacks.rb:81:in `run_callbacks'
  actionpack (4.2.1) lib/action_dispatch/middleware/callbacks.rb:27:in `call'
  actionpack (4.2.1) lib/action_dispatch/middleware/reloader.rb:73:in `call'
  actionpack (4.2.1) lib/action_dispatch/middleware/remote_ip.rb:78:in `call'
  actionpack (4.2.1) lib/action_dispatch/middleware/debug_exceptions.rb:17:in `call'
  web-console (2.1.2) lib/web_console/middleware.rb:29:in `call'
  actionpack (4.2.1) lib/action_dispatch/middleware/show_exceptions.rb:30:in `call'
  railties (4.2.1) lib/rails/rack/logger.rb:38:in `call_app'
  railties (4.2.1) lib/rails/rack/logger.rb:20:in `block in call'
  activesupport (4.2.1) lib/active_support/tagged_logging.rb:68:in `block in tagged'
  activesupport (4.2.1) lib/active_support/tagged_logging.rb:26:in `tagged'
  activesupport (4.2.1) lib/active_support/tagged_logging.rb:68:in `tagged'
  railties (4.2.1) lib/rails/rack/logger.rb:20:in `call'
  actionpack (4.2.1) lib/action_dispatch/middleware/request_id.rb:21:in `call'
  rack (1.6.1) lib/rack/methodoverride.rb:22:in `call'
  rack (1.6.1) lib/rack/runtime.rb:18:in `call'
  activesupport (4.2.1) lib/active_support/cache/strategy/local_cache_middleware.rb:28:in `call'
  rack (1.6.1) lib/rack/lock.rb:17:in `call'
  actionpack (4.2.1) lib/action_dispatch/middleware/static.rb:113:in `call'
  rack (1.6.1) lib/rack/sendfile.rb:113:in `call'
  railties (4.2.1) lib/rails/engine.rb:518:in `call'
  railties (4.2.1) lib/rails/application.rb:164:in `call'
  rack (1.6.1) lib/rack/lock.rb:17:in `call'
  rack (1.6.1) lib/rack/content_length.rb:15:in `call'
  rack (1.6.1) lib/rack/handler/webrick.rb:89:in `service'
  /usr/local/rvm/rubies/ruby-2.2.2/lib/ruby/2.2.0/webrick/httpserver.rb:138:in `service'
  /usr/local/rvm/rubies/ruby-2.2.2/lib/ruby/2.2.0/webrick/httpserver.rb:94:in `run'
  /usr/local/rvm/rubies/ruby-2.2.2/lib/ruby/2.2.0/webrick/server.rb:294:in `block in start_thread'


  Rendered /root/.rvm/gems/ruby-2.2.2/gems/actionpack-4.2.1/lib/action_dispatch/middleware/templates/rescues/_source.erb (2.3ms)
  Rendered /root/.rvm/gems/ruby-2.2.2/gems/actionpack-4.2.1/lib/action_dispatch/middleware/templates/rescues/_trace.html.erb (1.4ms)
  Rendered /root/.rvm/gems/ruby-2.2.2/gems/actionpack-4.2.1/lib/action_dispatch/middleware/templates/rescues/_request_and_response.html.erb (0.8ms)
  Rendered /root/.rvm/gems/ruby-2.2.2/gems/actionpack-4.2.1/lib/action_dispatch/middleware/templates/rescues/diagnostics.html.erb within rescues/layout (18.0ms)
  [1m[36mActiveRecord::SchemaMigration Load (0.1ms)[0m  [1mSELECT "schema_migrations".* FROM "schema_migrations"[0m
Migrating to CreateClientes (20150609003306)
  [1m[35m (0.1ms)[0m  begin transaction
  [1m[36m (0.5ms)[0m  [1mCREATE TABLE "clientes" ("id" INTEGER PRIMARY KEY AUTOINCREMENT NOT NULL, "nome" varchar, "fantasia" varchar, "endereco" varchar, "numero" varchar, "bairro" varchar, "cidade" varchar, "estado" varchar, "cep" varchar, "email" varchar, "dddfone" varchar, "fone" varchar, "dddcel" varchar, "celular" varchar, "status" varchar, "datanasc" datetime, "cpfcnpj" varchar, "rgie" varchar, "alterado" boolean, "tipopessoa" varchar, "created_at" datetime NOT NULL, "updated_at" datetime NOT NULL) [0m
  [1m[35mSQL (0.3ms)[0m  INSERT INTO "schema_migrations" ("version") VALUES (?)  [["version", "20150609003306"]]
  [1m[36m (6.4ms)[0m  [1mcommit transaction[0m
  [1m[35mActiveRecord::SchemaMigration Load (0.1ms)[0m  SELECT "schema_migrations".* FROM "schema_migrations"


Started GET "/clientes" for 187.7.184.79 at 2015-06-09 00:34:14 +0000
Cannot render console from 187.7.184.79! Allowed networks: 127.0.0.1, ::1, 127.0.0.0/127.255.255.255
  [1m[35mActiveRecord::SchemaMigration Load (0.1ms)[0m  SELECT "schema_migrations".* FROM "schema_migrations"
Processing by ClientesController#index as HTML
  [1m[36mCliente Load (0.2ms)[0m  [1mSELECT "clientes".* FROM "clientes"[0m
  Rendered clientes/index.html.erb within layouts/application (3.0ms)
Completed 200 OK in 793ms (Views: 784.3ms | ActiveRecord: 0.3ms)


Started GET "/assets/clientes.self-e3b0c44298fc1c149afbf4c8996fb92427ae41e4649b934ca495991b7852b855.css?body=1" for 187.7.184.79 at 2015-06-09 00:34:15 +0000
Cannot render console from 187.7.184.79! Allowed networks: 127.0.0.1, ::1, 127.0.0.0/127.255.255.255


Started GET "/assets/application.self-e80e8f2318043e8af94dddc2adad5a4f09739a8ebb323b3ab31cd71d45fd9113.css?body=1" for 187.7.184.79 at 2015-06-09 00:34:15 +0000
Cannot render console from 187.7.184.79! Allowed networks: 127.0.0.1, ::1, 127.0.0.0/127.255.255.255


Started GET "/assets/jquery.self-d03a5518f45df77341bdbe6201ba3bfa547ebba8ed64f0ea56bfa5f96ea7c074.js?body=1" for 187.7.184.79 at 2015-06-09 00:34:15 +0000
Cannot render console from 187.7.184.79! Allowed networks: 127.0.0.1, ::1, 127.0.0.0/127.255.255.255


Started GET "/assets/scaffolds.self-f47d109f38c6ca1de620a8b8d1c88bc1e9a5e59bfe6a816cbb60fe36e0bcc8de.css?body=1" for 187.7.184.79 at 2015-06-09 00:34:15 +0000
Cannot render console from 187.7.184.79! Allowed networks: 127.0.0.1, ::1, 127.0.0.0/127.255.255.255


Started GET "/assets/jquery_ujs.self-8e98a7a072a6cee1372d19fff9ff3e6aa1e39a37d89d6f06861637d061113ee7.js?body=1" for 187.7.184.79 at 2015-06-09 00:34:15 +0000
Cannot render console from 187.7.184.79! Allowed networks: 127.0.0.1, ::1, 127.0.0.0/127.255.255.255


Started GET "/assets/turbolinks.self-c37727e9bd6b2735da5c311aa83fead54ed0be6cc8bd9a65309e9c5abe2cbfff.js?body=1" for 187.7.184.79 at 2015-06-09 00:34:15 +0000
Cannot render console from 187.7.184.79! Allowed networks: 127.0.0.1, ::1, 127.0.0.0/127.255.255.255


Started GET "/assets/clientes.self-877aef30ae1b040ab8a3aba4e3e309a11d7f2612f44dde450b5c157aa5f95c05.js?body=1" for 187.7.184.79 at 2015-06-09 00:34:15 +0000
Cannot render console from 187.7.184.79! Allowed networks: 127.0.0.1, ::1, 127.0.0.0/127.255.255.255


Started GET "/assets/application.self-3b8dabdc891efe46b9a144b400ad69e37d7e5876bdc39dee783419a69d7ca819.js?body=1" for 187.7.184.79 at 2015-06-09 00:34:15 +0000
Cannot render console from 187.7.184.79! Allowed networks: 127.0.0.1, ::1, 127.0.0.0/127.255.255.255


Started GET "/clientes/new" for 187.7.184.79 at 2015-06-09 00:34:26 +0000
Cannot render console from 187.7.184.79! Allowed networks: 127.0.0.1, ::1, 127.0.0.0/127.255.255.255
Processing by ClientesController#new as HTML
  Rendered clientes/_form.html.erb (37.3ms)
  Rendered clientes/new.html.erb within layouts/application (43.3ms)
Completed 200 OK in 98ms (Views: 72.8ms | ActiveRecord: 0.3ms)


Started POST "/clientes" for 187.7.184.79 at 2015-06-09 00:36:09 +0000
Cannot render console from 187.7.184.79! Allowed networks: 127.0.0.1, ::1, 127.0.0.0/127.255.255.255
Processing by ClientesController#create as HTML
  Parameters: {"utf8"=>"✓", "authenticity_token"=>"SQOvpD2QNsUHY8KxYti57AoYoY+3h0yCTH0hd0gm1c0IQPL46Vpz8xxgvkmCIkw6TTyHgV08dK97RYKQ1wXDZw==", "cliente"=>{"nome"=>"Mayconn Willian", "fantasia"=>"", "endereco"=>"Rua Edgard Vieira de Azevedo Filho", "numero"=>"108", "bairro"=>"Murakami", "cidade"=>"Santo Antônio da Platina", "estado"=>"PR", "cep"=>"86430000", "email"=>"mayconnwgo@gmail.com", "dddfone"=>"43", "fone"=>"35347880", "dddcel"=>"43", "celular"=>"96496489", "status"=>"", "datanasc(1i)"=>"2010", "datanasc(2i)"=>"9", "datanasc(3i)"=>"12", "datanasc(4i)"=>"00", "datanasc(5i)"=>"34", "cpfcnpj"=>"123456789009", "rgie"=>"1234567890", "alterado"=>"1", "tipopessoa"=>"F"}, "commit"=>"Create Cliente"}
  [1m[35m (0.1ms)[0m  begin transaction
  [1m[36mSQL (0.5ms)[0m  [1mINSERT INTO "clientes" ("nome", "fantasia", "endereco", "numero", "bairro", "cidade", "estado", "cep", "email", "dddfone", "fone", "dddcel", "celular", "status", "cpfcnpj", "rgie", "alterado", "tipopessoa", "datanasc", "created_at", "updated_at") VALUES (?, ?, ?, ?, ?, ?, ?, ?, ?, ?, ?, ?, ?, ?, ?, ?, ?, ?, ?, ?, ?)[0m  [["nome", "Mayconn Willian"], ["fantasia", ""], ["endereco", "Rua Edgard Vieira de Azevedo Filho"], ["numero", "108"], ["bairro", "Murakami"], ["cidade", "Santo Antônio da Platina"], ["estado", "PR"], ["cep", "86430000"], ["email", "mayconnwgo@gmail.com"], ["dddfone", "43"], ["fone", "35347880"], ["dddcel", "43"], ["celular", "96496489"], ["status", ""], ["cpfcnpj", "123456789009"], ["rgie", "1234567890"], ["alterado", "t"], ["tipopessoa", "F"], ["datanasc", "2010-09-12 00:34:00.000000"], ["created_at", "2015-06-09 00:36:09.848123"], ["updated_at", "2015-06-09 00:36:09.848123"]]
  [1m[35m (8.4ms)[0m  commit transaction
Redirected to http://ajudemeiremboraprocanada.com.br:3000/clientes/1
Completed 302 Found in 23ms (ActiveRecord: 9.0ms)


Started GET "/clientes/1" for 187.7.184.79 at 2015-06-09 00:36:10 +0000
Cannot render console from 187.7.184.79! Allowed networks: 127.0.0.1, ::1, 127.0.0.0/127.255.255.255
Processing by ClientesController#show as HTML
  Parameters: {"id"=>"1"}
  [1m[36mCliente Load (0.2ms)[0m  [1mSELECT  "clientes".* FROM "clientes" WHERE "clientes"."id" = ? LIMIT 1[0m  [["id", 1]]
  Rendered clientes/show.html.erb within layouts/application (2.4ms)
Completed 200 OK in 44ms (Views: 36.1ms | ActiveRecord: 0.2ms)


Started GET "/clientes" for 187.7.184.79 at 2015-06-09 00:36:16 +0000
Cannot render console from 187.7.184.79! Allowed networks: 127.0.0.1, ::1, 127.0.0.0/127.255.255.255
Processing by ClientesController#index as HTML
  [1m[35mCliente Load (0.2ms)[0m  SELECT "clientes".* FROM "clientes"
  Rendered clientes/index.html.erb within layouts/application (4.9ms)
Completed 200 OK in 43ms (Views: 41.9ms | ActiveRecord: 0.2ms)


Started GET "/clientes/1" for 187.7.184.79 at 2015-06-09 00:36:32 +0000
Cannot render console from 187.7.184.79! Allowed networks: 127.0.0.1, ::1, 127.0.0.0/127.255.255.255
Processing by ClientesController#show as HTML
  Parameters: {"id"=>"1"}
  [1m[36mCliente Load (0.1ms)[0m  [1mSELECT  "clientes".* FROM "clientes" WHERE "clientes"."id" = ? LIMIT 1[0m  [["id", 1]]
  Rendered clientes/show.html.erb within layouts/application (1.5ms)
Completed 200 OK in 27ms (Views: 25.8ms | ActiveRecord: 0.1ms)


Started GET "/clientes" for 187.7.184.79 at 2015-06-09 00:36:36 +0000
Cannot render console from 187.7.184.79! Allowed networks: 127.0.0.1, ::1, 127.0.0.0/127.255.255.255
Processing by ClientesController#index as HTML
  [1m[35mCliente Load (0.2ms)[0m  SELECT "clientes".* FROM "clientes"
  Rendered clientes/index.html.erb within layouts/application (1.9ms)
Completed 200 OK in 31ms (Views: 30.7ms | ActiveRecord: 0.2ms)


Started GET "/clientes/1/edit" for 187.7.184.79 at 2015-06-09 00:36:39 +0000
Cannot render console from 187.7.184.79! Allowed networks: 127.0.0.1, ::1, 127.0.0.0/127.255.255.255
Processing by ClientesController#edit as HTML
  Parameters: {"id"=>"1"}
  [1m[36mCliente Load (0.2ms)[0m  [1mSELECT  "clientes".* FROM "clientes" WHERE "clientes"."id" = ? LIMIT 1[0m  [["id", 1]]
  Rendered clientes/_form.html.erb (8.6ms)
  Rendered clientes/edit.html.erb within layouts/application (10.2ms)
Completed 200 OK in 32ms (Views: 30.5ms | ActiveRecord: 0.2ms)


Started GET "/clientes" for 187.7.184.79 at 2015-06-09 00:36:43 +0000
Cannot render console from 187.7.184.79! Allowed networks: 127.0.0.1, ::1, 127.0.0.0/127.255.255.255
Processing by ClientesController#index as HTML
  [1m[35mCliente Load (0.2ms)[0m  SELECT "clientes".* FROM "clientes"
  Rendered clientes/index.html.erb within layouts/application (1.9ms)
Completed 200 OK in 23ms (Views: 22.2ms | ActiveRecord: 0.2ms)


Started GET "/produtos" for 187.7.184.79 at 2015-06-09 00:45:15 +0000
Cannot render console from 187.7.184.79! Allowed networks: 127.0.0.1, ::1, 127.0.0.0/127.255.255.255
  [1m[36mActiveRecord::SchemaMigration Load (0.1ms)[0m  [1mSELECT "schema_migrations".* FROM "schema_migrations"[0m

ActiveRecord::PendingMigrationError (

Migrations are pending. To resolve this issue, run:

	bin/rake db:migrate RAILS_ENV=development

):
  activerecord (4.2.1) lib/active_record/migration.rb:393:in `check_pending!'
  activerecord (4.2.1) lib/active_record/migration.rb:374:in `call'
  actionpack (4.2.1) lib/action_dispatch/middleware/callbacks.rb:29:in `block in call'
  activesupport (4.2.1) lib/active_support/callbacks.rb:88:in `call'
  activesupport (4.2.1) lib/active_support/callbacks.rb:88:in `_run_callbacks'
  activesupport (4.2.1) lib/active_support/callbacks.rb:776:in `_run_call_callbacks'
  activesupport (4.2.1) lib/active_support/callbacks.rb:81:in `run_callbacks'
  actionpack (4.2.1) lib/action_dispatch/middleware/callbacks.rb:27:in `call'
  actionpack (4.2.1) lib/action_dispatch/middleware/reloader.rb:73:in `call'
  actionpack (4.2.1) lib/action_dispatch/middleware/remote_ip.rb:78:in `call'
  actionpack (4.2.1) lib/action_dispatch/middleware/debug_exceptions.rb:17:in `call'
  web-console (2.1.2) lib/web_console/middleware.rb:29:in `call'
  actionpack (4.2.1) lib/action_dispatch/middleware/show_exceptions.rb:30:in `call'
  railties (4.2.1) lib/rails/rack/logger.rb:38:in `call_app'
  railties (4.2.1) lib/rails/rack/logger.rb:20:in `block in call'
  activesupport (4.2.1) lib/active_support/tagged_logging.rb:68:in `block in tagged'
  activesupport (4.2.1) lib/active_support/tagged_logging.rb:26:in `tagged'
  activesupport (4.2.1) lib/active_support/tagged_logging.rb:68:in `tagged'
  railties (4.2.1) lib/rails/rack/logger.rb:20:in `call'
  actionpack (4.2.1) lib/action_dispatch/middleware/request_id.rb:21:in `call'
  rack (1.6.1) lib/rack/methodoverride.rb:22:in `call'
  rack (1.6.1) lib/rack/runtime.rb:18:in `call'
  activesupport (4.2.1) lib/active_support/cache/strategy/local_cache_middleware.rb:28:in `call'
  rack (1.6.1) lib/rack/lock.rb:17:in `call'
  actionpack (4.2.1) lib/action_dispatch/middleware/static.rb:113:in `call'
  rack (1.6.1) lib/rack/sendfile.rb:113:in `call'
  railties (4.2.1) lib/rails/engine.rb:518:in `call'
  railties (4.2.1) lib/rails/application.rb:164:in `call'
  rack (1.6.1) lib/rack/lock.rb:17:in `call'
  rack (1.6.1) lib/rack/content_length.rb:15:in `call'
  rack (1.6.1) lib/rack/handler/webrick.rb:89:in `service'
  /usr/local/rvm/rubies/ruby-2.2.2/lib/ruby/2.2.0/webrick/httpserver.rb:138:in `service'
  /usr/local/rvm/rubies/ruby-2.2.2/lib/ruby/2.2.0/webrick/httpserver.rb:94:in `run'
  /usr/local/rvm/rubies/ruby-2.2.2/lib/ruby/2.2.0/webrick/server.rb:294:in `block in start_thread'


  Rendered /root/.rvm/gems/ruby-2.2.2/gems/actionpack-4.2.1/lib/action_dispatch/middleware/templates/rescues/_source.erb (2.4ms)
  Rendered /root/.rvm/gems/ruby-2.2.2/gems/actionpack-4.2.1/lib/action_dispatch/middleware/templates/rescues/_trace.html.erb (1.5ms)
  Rendered /root/.rvm/gems/ruby-2.2.2/gems/actionpack-4.2.1/lib/action_dispatch/middleware/templates/rescues/_request_and_response.html.erb (0.7ms)
  Rendered /root/.rvm/gems/ruby-2.2.2/gems/actionpack-4.2.1/lib/action_dispatch/middleware/templates/rescues/diagnostics.html.erb within rescues/layout (17.3ms)
  [1m[36mActiveRecord::SchemaMigration Load (0.1ms)[0m  [1mSELECT "schema_migrations".* FROM "schema_migrations"[0m
Migrating to CreateProdutos (20150609004459)
  [1m[35m (0.1ms)[0m  begin transaction
  [1m[36m (0.5ms)[0m  [1mCREATE TABLE "produtos" ("id" INTEGER PRIMARY KEY AUTOINCREMENT NOT NULL, "descricao" varchar, "unidade" varchar, "observacao" text, "preco" float, "codbarras" varchar, "fraciona" boolean, "ctrlpreco" boolean, "ctrlestoque" boolean, "quantidade" float, "maxdesc" float, "maxacresc" float, "created_at" datetime NOT NULL, "updated_at" datetime NOT NULL) [0m
  [1m[35mSQL (0.1ms)[0m  INSERT INTO "schema_migrations" ("version") VALUES (?)  [["version", "20150609004459"]]
  [1m[36m (6.4ms)[0m  [1mcommit transaction[0m
  [1m[35mActiveRecord::SchemaMigration Load (0.1ms)[0m  SELECT "schema_migrations".* FROM "schema_migrations"


Started GET "/produtos" for 187.7.184.79 at 2015-06-09 00:45:33 +0000
Cannot render console from 187.7.184.79! Allowed networks: 127.0.0.1, ::1, 127.0.0.0/127.255.255.255
  [1m[35mActiveRecord::SchemaMigration Load (0.1ms)[0m  SELECT "schema_migrations".* FROM "schema_migrations"
Processing by ProdutosController#index as HTML
  [1m[36mProduto Load (0.1ms)[0m  [1mSELECT "produtos".* FROM "produtos"[0m
  Rendered produtos/index.html.erb within layouts/application (2.8ms)
Completed 200 OK in 96ms (Views: 94.6ms | ActiveRecord: 0.3ms)


Started GET "/assets/clientes.self-e3b0c44298fc1c149afbf4c8996fb92427ae41e4649b934ca495991b7852b855.css?body=1" for 187.7.184.79 at 2015-06-09 00:45:34 +0000
Cannot render console from 187.7.184.79! Allowed networks: 127.0.0.1, ::1, 127.0.0.0/127.255.255.255


Started GET "/assets/produtos.self-e3b0c44298fc1c149afbf4c8996fb92427ae41e4649b934ca495991b7852b855.css?body=1" for 187.7.184.79 at 2015-06-09 00:45:34 +0000
Cannot render console from 187.7.184.79! Allowed networks: 127.0.0.1, ::1, 127.0.0.0/127.255.255.255


Started GET "/assets/scaffolds.self-f47d109f38c6ca1de620a8b8d1c88bc1e9a5e59bfe6a816cbb60fe36e0bcc8de.css?body=1" for 187.7.184.79 at 2015-06-09 00:45:34 +0000
Cannot render console from 187.7.184.79! Allowed networks: 127.0.0.1, ::1, 127.0.0.0/127.255.255.255


Started GET "/assets/application.self-e80e8f2318043e8af94dddc2adad5a4f09739a8ebb323b3ab31cd71d45fd9113.css?body=1" for 187.7.184.79 at 2015-06-09 00:45:34 +0000
Cannot render console from 187.7.184.79! Allowed networks: 127.0.0.1, ::1, 127.0.0.0/127.255.255.255


Started GET "/assets/jquery.self-d03a5518f45df77341bdbe6201ba3bfa547ebba8ed64f0ea56bfa5f96ea7c074.js?body=1" for 187.7.184.79 at 2015-06-09 00:45:34 +0000
Cannot render console from 187.7.184.79! Allowed networks: 127.0.0.1, ::1, 127.0.0.0/127.255.255.255


Started GET "/assets/jquery_ujs.self-8e98a7a072a6cee1372d19fff9ff3e6aa1e39a37d89d6f06861637d061113ee7.js?body=1" for 187.7.184.79 at 2015-06-09 00:45:34 +0000
Cannot render console from 187.7.184.79! Allowed networks: 127.0.0.1, ::1, 127.0.0.0/127.255.255.255


Started GET "/assets/turbolinks.self-c37727e9bd6b2735da5c311aa83fead54ed0be6cc8bd9a65309e9c5abe2cbfff.js?body=1" for 187.7.184.79 at 2015-06-09 00:45:34 +0000
Cannot render console from 187.7.184.79! Allowed networks: 127.0.0.1, ::1, 127.0.0.0/127.255.255.255


Started GET "/assets/clientes.self-877aef30ae1b040ab8a3aba4e3e309a11d7f2612f44dde450b5c157aa5f95c05.js?body=1" for 187.7.184.79 at 2015-06-09 00:45:34 +0000
Cannot render console from 187.7.184.79! Allowed networks: 127.0.0.1, ::1, 127.0.0.0/127.255.255.255


Started GET "/assets/produtos.self-877aef30ae1b040ab8a3aba4e3e309a11d7f2612f44dde450b5c157aa5f95c05.js?body=1" for 187.7.184.79 at 2015-06-09 00:45:34 +0000
Cannot render console from 187.7.184.79! Allowed networks: 127.0.0.1, ::1, 127.0.0.0/127.255.255.255


Started GET "/assets/application.self-3b8dabdc891efe46b9a144b400ad69e37d7e5876bdc39dee783419a69d7ca819.js?body=1" for 187.7.184.79 at 2015-06-09 00:45:34 +0000
Cannot render console from 187.7.184.79! Allowed networks: 127.0.0.1, ::1, 127.0.0.0/127.255.255.255
  [1m[36mActiveRecord::SchemaMigration Load (0.1ms)[0m  [1mSELECT "schema_migrations".* FROM "schema_migrations"[0m
Migrating to CreatePlanospagamentos (20150609004822)
  [1m[35m (0.1ms)[0m  begin transaction
  [1m[36m (0.5ms)[0m  [1mCREATE TABLE "planospagamentos" ("id" INTEGER PRIMARY KEY AUTOINCREMENT NOT NULL, "descricao" varchar, "parcelas" integer, "periodo" integer, "desconto" float, "acrescimo" float, "entrada" boolean, "vencimentofixo" boolean, "created_at" datetime NOT NULL, "updated_at" datetime NOT NULL) [0m
  [1m[35mSQL (0.2ms)[0m  INSERT INTO "schema_migrations" ("version") VALUES (?)  [["version", "20150609004822"]]
  [1m[36m (8.8ms)[0m  [1mcommit transaction[0m
  [1m[35mActiveRecord::SchemaMigration Load (0.1ms)[0m  SELECT "schema_migrations".* FROM "schema_migrations"


Started GET "/" for 187.7.184.79 at 2015-06-09 00:48:43 +0000
Cannot render console from 187.7.184.79! Allowed networks: 127.0.0.1, ::1, 127.0.0.0/127.255.255.255
  [1m[35mActiveRecord::SchemaMigration Load (0.1ms)[0m  SELECT "schema_migrations".* FROM "schema_migrations"
Processing by Rails::WelcomeController#index as HTML
  Rendered /root/.rvm/gems/ruby-2.2.2/gems/railties-4.2.1/lib/rails/templates/rails/welcome/index.html.erb (0.6ms)
Completed 200 OK in 2ms (Views: 2.0ms | ActiveRecord: 0.0ms)
  [1m[36mActiveRecord::SchemaMigration Load (0.1ms)[0m  [1mSELECT "schema_migrations".* FROM "schema_migrations"[0m
  [1m[35mActiveRecord::SchemaMigration Load (0.1ms)[0m  SELECT "schema_migrations".* FROM "schema_migrations"


Started GET "/" for 187.7.184.79 at 2015-06-09 00:51:40 +0000
Cannot render console from 187.7.184.79! Allowed networks: 127.0.0.1, ::1, 127.0.0.0/127.255.255.255
Processing by Rails::WelcomeController#index as HTML
  Rendered /root/.rvm/gems/ruby-2.2.2/gems/railties-4.2.1/lib/rails/templates/rails/welcome/index.html.erb (0.0ms)
Completed 200 OK in 2ms (Views: 1.4ms | ActiveRecord: 0.0ms)


Started GET "/" for 187.7.184.79 at 2015-06-09 00:52:23 +0000
Cannot render console from 187.7.184.79! Allowed networks: 127.0.0.1, ::1, 127.0.0.0/127.255.255.255
Processing by HomeController#index as HTML
  Rendered home/index.html.erb within layouts/application (0.3ms)
Completed 200 OK in 124ms (Views: 123.5ms | ActiveRecord: 0.0ms)


Started GET "/assets/clientes.self-e3b0c44298fc1c149afbf4c8996fb92427ae41e4649b934ca495991b7852b855.css?body=1" for 187.7.184.79 at 2015-06-09 00:52:23 +0000
Cannot render console from 187.7.184.79! Allowed networks: 127.0.0.1, ::1, 127.0.0.0/127.255.255.255


Started GET "/assets/home.self-e3b0c44298fc1c149afbf4c8996fb92427ae41e4649b934ca495991b7852b855.css?body=1" for 187.7.184.79 at 2015-06-09 00:52:23 +0000
Cannot render console from 187.7.184.79! Allowed networks: 127.0.0.1, ::1, 127.0.0.0/127.255.255.255


Started GET "/assets/planospagamentos.self-e3b0c44298fc1c149afbf4c8996fb92427ae41e4649b934ca495991b7852b855.css?body=1" for 187.7.184.79 at 2015-06-09 00:52:23 +0000
Cannot render console from 187.7.184.79! Allowed networks: 127.0.0.1, ::1, 127.0.0.0/127.255.255.255


Started GET "/assets/scaffolds.self-f47d109f38c6ca1de620a8b8d1c88bc1e9a5e59bfe6a816cbb60fe36e0bcc8de.css?body=1" for 187.7.184.79 at 2015-06-09 00:52:23 +0000
Cannot render console from 187.7.184.79! Allowed networks: 127.0.0.1, ::1, 127.0.0.0/127.255.255.255


Started GET "/assets/application.self-e80e8f2318043e8af94dddc2adad5a4f09739a8ebb323b3ab31cd71d45fd9113.css?body=1" for 187.7.184.79 at 2015-06-09 00:52:23 +0000
Cannot render console from 187.7.184.79! Allowed networks: 127.0.0.1, ::1, 127.0.0.0/127.255.255.255


Started GET "/assets/jquery.self-d03a5518f45df77341bdbe6201ba3bfa547ebba8ed64f0ea56bfa5f96ea7c074.js?body=1" for 187.7.184.79 at 2015-06-09 00:52:23 +0000
Cannot render console from 187.7.184.79! Allowed networks: 127.0.0.1, ::1, 127.0.0.0/127.255.255.255


Started GET "/assets/jquery_ujs.self-8e98a7a072a6cee1372d19fff9ff3e6aa1e39a37d89d6f06861637d061113ee7.js?body=1" for 187.7.184.79 at 2015-06-09 00:52:24 +0000
Cannot render console from 187.7.184.79! Allowed networks: 127.0.0.1, ::1, 127.0.0.0/127.255.255.255


Started GET "/assets/produtos.self-e3b0c44298fc1c149afbf4c8996fb92427ae41e4649b934ca495991b7852b855.css?body=1" for 187.7.184.79 at 2015-06-09 00:52:24 +0000
Cannot render console from 187.7.184.79! Allowed networks: 127.0.0.1, ::1, 127.0.0.0/127.255.255.255


Started GET "/assets/turbolinks.self-c37727e9bd6b2735da5c311aa83fead54ed0be6cc8bd9a65309e9c5abe2cbfff.js?body=1" for 187.7.184.79 at 2015-06-09 00:52:24 +0000
Cannot render console from 187.7.184.79! Allowed networks: 127.0.0.1, ::1, 127.0.0.0/127.255.255.255


Started GET "/assets/clientes.self-877aef30ae1b040ab8a3aba4e3e309a11d7f2612f44dde450b5c157aa5f95c05.js?body=1" for 187.7.184.79 at 2015-06-09 00:52:24 +0000
Cannot render console from 187.7.184.79! Allowed networks: 127.0.0.1, ::1, 127.0.0.0/127.255.255.255


Started GET "/assets/home.self-877aef30ae1b040ab8a3aba4e3e309a11d7f2612f44dde450b5c157aa5f95c05.js?body=1" for 187.7.184.79 at 2015-06-09 00:52:24 +0000
Cannot render console from 187.7.184.79! Allowed networks: 127.0.0.1, ::1, 127.0.0.0/127.255.255.255


Started GET "/assets/planospagamentos.self-877aef30ae1b040ab8a3aba4e3e309a11d7f2612f44dde450b5c157aa5f95c05.js?body=1" for 187.7.184.79 at 2015-06-09 00:52:24 +0000
Cannot render console from 187.7.184.79! Allowed networks: 127.0.0.1, ::1, 127.0.0.0/127.255.255.255


Started GET "/assets/application.self-3b8dabdc891efe46b9a144b400ad69e37d7e5876bdc39dee783419a69d7ca819.js?body=1" for 187.7.184.79 at 2015-06-09 00:52:24 +0000
Cannot render console from 187.7.184.79! Allowed networks: 127.0.0.1, ::1, 127.0.0.0/127.255.255.255


Started GET "/assets/produtos.self-877aef30ae1b040ab8a3aba4e3e309a11d7f2612f44dde450b5c157aa5f95c05.js?body=1" for 187.7.184.79 at 2015-06-09 00:52:24 +0000
Cannot render console from 187.7.184.79! Allowed networks: 127.0.0.1, ::1, 127.0.0.0/127.255.255.255


Started GET "/" for 187.7.184.79 at 2015-06-09 00:55:09 +0000
Cannot render console from 187.7.184.79! Allowed networks: 127.0.0.1, ::1, 127.0.0.0/127.255.255.255
Processing by HomeController#index as HTML
  Rendered home/index.html.erb within layouts/application (1.7ms)
Completed 500 Internal Server Error in 4ms (ActiveRecord: 0.0ms)

ActionView::Template::Error (No route matches {:action=>"show", :controller=>"clientes"} missing required keys: [:id]):
    1: <h1>Home#index</h1>
    2: <p>Find me in app/views/home/index.html.erb</p>
    3: 
    4: <%= link_to 'Clientes', cliente_path %>
  app/views/home/index.html.erb:4:in `_app_views_home_index_html_erb__2778253815915009016_70329795089700'


  Rendered /root/.rvm/gems/ruby-2.2.2/gems/actionpack-4.2.1/lib/action_dispatch/middleware/templates/rescues/_source.erb (6.8ms)
  Rendered /root/.rvm/gems/ruby-2.2.2/gems/actionpack-4.2.1/lib/action_dispatch/middleware/templates/rescues/_trace.html.erb (2.8ms)
  Rendered /root/.rvm/gems/ruby-2.2.2/gems/actionpack-4.2.1/lib/action_dispatch/middleware/templates/rescues/_request_and_response.html.erb (0.8ms)
  Rendered /root/.rvm/gems/ruby-2.2.2/gems/actionpack-4.2.1/lib/action_dispatch/middleware/templates/rescues/template_error.html.erb within rescues/layout (23.7ms)


Started GET "/produtos" for 187.7.184.79 at 2015-06-09 00:55:23 +0000
Cannot render console from 187.7.184.79! Allowed networks: 127.0.0.1, ::1, 127.0.0.0/127.255.255.255
Processing by ProdutosController#index as HTML
  [1m[36mProduto Load (0.4ms)[0m  [1mSELECT "produtos".* FROM "produtos"[0m
  Rendered produtos/index.html.erb within layouts/application (2.4ms)
Completed 200 OK in 42ms (Views: 39.6ms | ActiveRecord: 0.5ms)


Started GET "/assets/clientes.self-e3b0c44298fc1c149afbf4c8996fb92427ae41e4649b934ca495991b7852b855.css?body=1" for 187.7.184.79 at 2015-06-09 00:55:24 +0000
Cannot render console from 187.7.184.79! Allowed networks: 127.0.0.1, ::1, 127.0.0.0/127.255.255.255


Started GET "/assets/produtos.self-e3b0c44298fc1c149afbf4c8996fb92427ae41e4649b934ca495991b7852b855.css?body=1" for 187.7.184.79 at 2015-06-09 00:55:24 +0000
Cannot render console from 187.7.184.79! Allowed networks: 127.0.0.1, ::1, 127.0.0.0/127.255.255.255


Started GET "/assets/scaffolds.self-f47d109f38c6ca1de620a8b8d1c88bc1e9a5e59bfe6a816cbb60fe36e0bcc8de.css?body=1" for 187.7.184.79 at 2015-06-09 00:55:24 +0000
Cannot render console from 187.7.184.79! Allowed networks: 127.0.0.1, ::1, 127.0.0.0/127.255.255.255


Started GET "/assets/application.self-e80e8f2318043e8af94dddc2adad5a4f09739a8ebb323b3ab31cd71d45fd9113.css?body=1" for 187.7.184.79 at 2015-06-09 00:55:24 +0000
Cannot render console from 187.7.184.79! Allowed networks: 127.0.0.1, ::1, 127.0.0.0/127.255.255.255


Started GET "/assets/jquery.self-d03a5518f45df77341bdbe6201ba3bfa547ebba8ed64f0ea56bfa5f96ea7c074.js?body=1" for 187.7.184.79 at 2015-06-09 00:55:24 +0000
Cannot render console from 187.7.184.79! Allowed networks: 127.0.0.1, ::1, 127.0.0.0/127.255.255.255


Started GET "/assets/jquery_ujs.self-8e98a7a072a6cee1372d19fff9ff3e6aa1e39a37d89d6f06861637d061113ee7.js?body=1" for 187.7.184.79 at 2015-06-09 00:55:24 +0000
Cannot render console from 187.7.184.79! Allowed networks: 127.0.0.1, ::1, 127.0.0.0/127.255.255.255


Started GET "/assets/turbolinks.self-c37727e9bd6b2735da5c311aa83fead54ed0be6cc8bd9a65309e9c5abe2cbfff.js?body=1" for 187.7.184.79 at 2015-06-09 00:55:24 +0000
Cannot render console from 187.7.184.79! Allowed networks: 127.0.0.1, ::1, 127.0.0.0/127.255.255.255


Started GET "/assets/clientes.self-877aef30ae1b040ab8a3aba4e3e309a11d7f2612f44dde450b5c157aa5f95c05.js?body=1" for 187.7.184.79 at 2015-06-09 00:55:24 +0000
Cannot render console from 187.7.184.79! Allowed networks: 127.0.0.1, ::1, 127.0.0.0/127.255.255.255


Started GET "/assets/produtos.self-877aef30ae1b040ab8a3aba4e3e309a11d7f2612f44dde450b5c157aa5f95c05.js?body=1" for 187.7.184.79 at 2015-06-09 00:55:24 +0000
Cannot render console from 187.7.184.79! Allowed networks: 127.0.0.1, ::1, 127.0.0.0/127.255.255.255


Started GET "/assets/application.self-3b8dabdc891efe46b9a144b400ad69e37d7e5876bdc39dee783419a69d7ca819.js?body=1" for 187.7.184.79 at 2015-06-09 00:55:24 +0000
Cannot render console from 187.7.184.79! Allowed networks: 127.0.0.1, ::1, 127.0.0.0/127.255.255.255


Started GET "/assets/home.self-e3b0c44298fc1c149afbf4c8996fb92427ae41e4649b934ca495991b7852b855.css?body=1" for 187.7.184.79 at 2015-06-09 00:55:24 +0000
Cannot render console from 187.7.184.79! Allowed networks: 127.0.0.1, ::1, 127.0.0.0/127.255.255.255


Started GET "/assets/planospagamentos.self-e3b0c44298fc1c149afbf4c8996fb92427ae41e4649b934ca495991b7852b855.css?body=1" for 187.7.184.79 at 2015-06-09 00:55:24 +0000
Cannot render console from 187.7.184.79! Allowed networks: 127.0.0.1, ::1, 127.0.0.0/127.255.255.255


Started GET "/assets/home.self-877aef30ae1b040ab8a3aba4e3e309a11d7f2612f44dde450b5c157aa5f95c05.js?body=1" for 187.7.184.79 at 2015-06-09 00:55:24 +0000
Cannot render console from 187.7.184.79! Allowed networks: 127.0.0.1, ::1, 127.0.0.0/127.255.255.255


Started GET "/assets/planospagamentos.self-877aef30ae1b040ab8a3aba4e3e309a11d7f2612f44dde450b5c157aa5f95c05.js?body=1" for 187.7.184.79 at 2015-06-09 00:55:24 +0000
Cannot render console from 187.7.184.79! Allowed networks: 127.0.0.1, ::1, 127.0.0.0/127.255.255.255


Started GET "/" for 187.7.184.79 at 2015-06-09 00:55:28 +0000
Cannot render console from 187.7.184.79! Allowed networks: 127.0.0.1, ::1, 127.0.0.0/127.255.255.255
Processing by HomeController#index as HTML
  Rendered home/index.html.erb within layouts/application (0.5ms)
Completed 200 OK in 33ms (Views: 32.9ms | ActiveRecord: 0.0ms)


Started GET "/clientes" for 187.7.184.79 at 2015-06-09 00:55:30 +0000
Cannot render console from 187.7.184.79! Allowed networks: 127.0.0.1, ::1, 127.0.0.0/127.255.255.255
Processing by ClientesController#index as HTML
  [1m[35mCliente Load (0.2ms)[0m  SELECT "clientes".* FROM "clientes"
  Rendered clientes/index.html.erb within layouts/application (12.2ms)
Completed 200 OK in 45ms (Views: 43.5ms | ActiveRecord: 0.5ms)


Started GET "/" for 187.7.184.79 at 2015-06-09 00:56:18 +0000
Cannot render console from 187.7.184.79! Allowed networks: 127.0.0.1, ::1, 127.0.0.0/127.255.255.255
Processing by HomeController#index as HTML
  Rendered home/index.html.erb within layouts/application (0.6ms)
Completed 200 OK in 33ms (Views: 32.5ms | ActiveRecord: 0.0ms)


Started GET "/assets/clientes.self-e3b0c44298fc1c149afbf4c8996fb92427ae41e4649b934ca495991b7852b855.css?body=1" for 187.7.184.79 at 2015-06-09 00:56:19 +0000
Cannot render console from 187.7.184.79! Allowed networks: 127.0.0.1, ::1, 127.0.0.0/127.255.255.255


Started GET "/assets/home.self-e3b0c44298fc1c149afbf4c8996fb92427ae41e4649b934ca495991b7852b855.css?body=1" for 187.7.184.79 at 2015-06-09 00:56:19 +0000
Cannot render console from 187.7.184.79! Allowed networks: 127.0.0.1, ::1, 127.0.0.0/127.255.255.255


Started GET "/assets/planospagamentos.self-e3b0c44298fc1c149afbf4c8996fb92427ae41e4649b934ca495991b7852b855.css?body=1" for 187.7.184.79 at 2015-06-09 00:56:19 +0000
Cannot render console from 187.7.184.79! Allowed networks: 127.0.0.1, ::1, 127.0.0.0/127.255.255.255


Started GET "/assets/produtos.self-e3b0c44298fc1c149afbf4c8996fb92427ae41e4649b934ca495991b7852b855.css?body=1" for 187.7.184.79 at 2015-06-09 00:56:19 +0000
Cannot render console from 187.7.184.79! Allowed networks: 127.0.0.1, ::1, 127.0.0.0/127.255.255.255


Started GET "/assets/scaffolds.self-f47d109f38c6ca1de620a8b8d1c88bc1e9a5e59bfe6a816cbb60fe36e0bcc8de.css?body=1" for 187.7.184.79 at 2015-06-09 00:56:19 +0000
Cannot render console from 187.7.184.79! Allowed networks: 127.0.0.1, ::1, 127.0.0.0/127.255.255.255


Started GET "/assets/application.self-e80e8f2318043e8af94dddc2adad5a4f09739a8ebb323b3ab31cd71d45fd9113.css?body=1" for 187.7.184.79 at 2015-06-09 00:56:19 +0000
Cannot render console from 187.7.184.79! Allowed networks: 127.0.0.1, ::1, 127.0.0.0/127.255.255.255


Started GET "/assets/jquery.self-d03a5518f45df77341bdbe6201ba3bfa547ebba8ed64f0ea56bfa5f96ea7c074.js?body=1" for 187.7.184.79 at 2015-06-09 00:56:19 +0000
Cannot render console from 187.7.184.79! Allowed networks: 127.0.0.1, ::1, 127.0.0.0/127.255.255.255


Started GET "/assets/jquery_ujs.self-8e98a7a072a6cee1372d19fff9ff3e6aa1e39a37d89d6f06861637d061113ee7.js?body=1" for 187.7.184.79 at 2015-06-09 00:56:19 +0000
Cannot render console from 187.7.184.79! Allowed networks: 127.0.0.1, ::1, 127.0.0.0/127.255.255.255


Started GET "/assets/turbolinks.self-c37727e9bd6b2735da5c311aa83fead54ed0be6cc8bd9a65309e9c5abe2cbfff.js?body=1" for 187.7.184.79 at 2015-06-09 00:56:19 +0000
Cannot render console from 187.7.184.79! Allowed networks: 127.0.0.1, ::1, 127.0.0.0/127.255.255.255


Started GET "/assets/clientes.self-877aef30ae1b040ab8a3aba4e3e309a11d7f2612f44dde450b5c157aa5f95c05.js?body=1" for 187.7.184.79 at 2015-06-09 00:56:19 +0000
Cannot render console from 187.7.184.79! Allowed networks: 127.0.0.1, ::1, 127.0.0.0/127.255.255.255


Started GET "/assets/home.self-877aef30ae1b040ab8a3aba4e3e309a11d7f2612f44dde450b5c157aa5f95c05.js?body=1" for 187.7.184.79 at 2015-06-09 00:56:19 +0000
Cannot render console from 187.7.184.79! Allowed networks: 127.0.0.1, ::1, 127.0.0.0/127.255.255.255


Started GET "/assets/planospagamentos.self-877aef30ae1b040ab8a3aba4e3e309a11d7f2612f44dde450b5c157aa5f95c05.js?body=1" for 187.7.184.79 at 2015-06-09 00:56:19 +0000
Cannot render console from 187.7.184.79! Allowed networks: 127.0.0.1, ::1, 127.0.0.0/127.255.255.255


Started GET "/assets/produtos.self-877aef30ae1b040ab8a3aba4e3e309a11d7f2612f44dde450b5c157aa5f95c05.js?body=1" for 187.7.184.79 at 2015-06-09 00:56:19 +0000
Cannot render console from 187.7.184.79! Allowed networks: 127.0.0.1, ::1, 127.0.0.0/127.255.255.255


Started GET "/assets/application.self-3b8dabdc891efe46b9a144b400ad69e37d7e5876bdc39dee783419a69d7ca819.js?body=1" for 187.7.184.79 at 2015-06-09 00:56:19 +0000
Cannot render console from 187.7.184.79! Allowed networks: 127.0.0.1, ::1, 127.0.0.0/127.255.255.255


Started GET "/produtos" for 187.7.184.79 at 2015-06-09 00:56:21 +0000
Cannot render console from 187.7.184.79! Allowed networks: 127.0.0.1, ::1, 127.0.0.0/127.255.255.255
Processing by ProdutosController#index as HTML
  [1m[36mProduto Load (0.2ms)[0m  [1mSELECT "produtos".* FROM "produtos"[0m
  Rendered produtos/index.html.erb within layouts/application (1.9ms)
Completed 200 OK in 42ms (Views: 41.0ms | ActiveRecord: 0.2ms)


Started GET "/planospagamentos" for 187.7.184.79 at 2015-06-09 00:56:24 +0000
Cannot render console from 187.7.184.79! Allowed networks: 127.0.0.1, ::1, 127.0.0.0/127.255.255.255
Processing by PlanospagamentosController#index as HTML
  [1m[35mPlanospagamento Load (0.2ms)[0m  SELECT "planospagamentos".* FROM "planospagamentos"
  Rendered planospagamentos/index.html.erb within layouts/application (2.5ms)
Completed 200 OK in 36ms (Views: 34.4ms | ActiveRecord: 0.3ms)


Started GET "/clientes" for 187.7.184.79 at 2015-06-09 00:56:27 +0000
Cannot render console from 187.7.184.79! Allowed networks: 127.0.0.1, ::1, 127.0.0.0/127.255.255.255
Processing by ClientesController#index as HTML
  [1m[36mCliente Load (0.2ms)[0m  [1mSELECT "clientes".* FROM "clientes"[0m
  Rendered clientes/index.html.erb within layouts/application (2.0ms)
Completed 200 OK in 36ms (Views: 34.8ms | ActiveRecord: 0.2ms)
  [1m[36mActiveRecord::SchemaMigration Load (0.1ms)[0m  [1mSELECT "schema_migrations".* FROM "schema_migrations"[0m
Migrating to CreateVendas (20150609010505)
  [1m[35m (0.1ms)[0m  begin transaction
  [1m[36m (0.6ms)[0m  [1mCREATE TABLE "vendas" ("id" INTEGER PRIMARY KEY AUTOINCREMENT NOT NULL, "imei" varchar, "dataemissao" datetime, "cliente_id" integer, "obs" text, "data_prev_entrega" datetime, "total_bruto" float, "total_liquido" float, "desconto" float, "acrescimo" float, "planospagamento_id" integer, "status" varchar, "vendedor" varchar, "hora" varchar, "created_at" datetime NOT NULL, "updated_at" datetime NOT NULL) [0m
  [1m[35m (0.1ms)[0m  select sqlite_version(*)
  [1m[36m (0.1ms)[0m  [1mCREATE  INDEX "index_vendas_on_cliente_id" ON "vendas" ("cliente_id")[0m
  [1m[35m (0.1ms)[0m              SELECT sql
            FROM sqlite_master
            WHERE name='index_vendas_on_cliente_id' AND type='index'
            UNION ALL
            SELECT sql
            FROM sqlite_temp_master
            WHERE name='index_vendas_on_cliente_id' AND type='index'

  [1m[36m (0.1ms)[0m  [1mCREATE  INDEX "index_vendas_on_planospagamento_id" ON "vendas" ("planospagamento_id")[0m
  [1m[35mSQL (0.1ms)[0m  INSERT INTO "schema_migrations" ("version") VALUES (?)  [["version", "20150609010505"]]
  [1m[36m (8.5ms)[0m  [1mcommit transaction[0m
  [1m[35mActiveRecord::SchemaMigration Load (0.1ms)[0m  SELECT "schema_migrations".* FROM "schema_migrations"
  [1m[36m (0.1ms)[0m  [1m            SELECT sql
            FROM sqlite_master
            WHERE name='index_vendas_on_planospagamento_id' AND type='index'
            UNION ALL
            SELECT sql
            FROM sqlite_temp_master
            WHERE name='index_vendas_on_planospagamento_id' AND type='index'
[0m
  [1m[35m (0.1ms)[0m              SELECT sql
            FROM sqlite_master
            WHERE name='index_vendas_on_cliente_id' AND type='index'
            UNION ALL
            SELECT sql
            FROM sqlite_temp_master
            WHERE name='index_vendas_on_cliente_id' AND type='index'



Started GET "/vendas" for 187.7.184.79 at 2015-06-09 01:05:22 +0000
Cannot render console from 187.7.184.79! Allowed networks: 127.0.0.1, ::1, 127.0.0.0/127.255.255.255
  [1m[35mActiveRecord::SchemaMigration Load (0.1ms)[0m  SELECT "schema_migrations".* FROM "schema_migrations"
Processing by VendasController#index as HTML
  [1m[36mVenda Load (0.1ms)[0m  [1mSELECT "vendas".* FROM "vendas"[0m
  Rendered vendas/index.html.erb within layouts/application (2.7ms)
Completed 200 OK in 119ms (Views: 113.5ms | ActiveRecord: 0.3ms)


Started GET "/assets/vendas.self-e3b0c44298fc1c149afbf4c8996fb92427ae41e4649b934ca495991b7852b855.css?body=1" for 187.7.184.79 at 2015-06-09 01:05:23 +0000
Cannot render console from 187.7.184.79! Allowed networks: 127.0.0.1, ::1, 127.0.0.0/127.255.255.255


Started GET "/assets/vendas.self-877aef30ae1b040ab8a3aba4e3e309a11d7f2612f44dde450b5c157aa5f95c05.js?body=1" for 187.7.184.79 at 2015-06-09 01:05:23 +0000
Cannot render console from 187.7.184.79! Allowed networks: 127.0.0.1, ::1, 127.0.0.0/127.255.255.255


Started GET "/vendas/new" for 187.7.184.79 at 2015-06-09 01:05:26 +0000
Cannot render console from 187.7.184.79! Allowed networks: 127.0.0.1, ::1, 127.0.0.0/127.255.255.255
Processing by VendasController#new as HTML
  Rendered vendas/_form.html.erb (11.4ms)
  Rendered vendas/new.html.erb within layouts/application (14.0ms)
Completed 200 OK in 58ms (Views: 49.2ms | ActiveRecord: 0.3ms)


Started GET "/vendas" for 187.7.184.79 at 2015-06-09 01:05:48 +0000
Cannot render console from 187.7.184.79! Allowed networks: 127.0.0.1, ::1, 127.0.0.0/127.255.255.255
Processing by VendasController#index as HTML
  [1m[35mVenda Load (0.2ms)[0m  SELECT "vendas".* FROM "vendas"
  Rendered vendas/index.html.erb within layouts/application (2.4ms)
Completed 200 OK in 40ms (Views: 38.8ms | ActiveRecord: 0.2ms)
  [1m[36mActiveRecord::SchemaMigration Load (0.1ms)[0m  [1mSELECT "schema_migrations".* FROM "schema_migrations"[0m
Migrating to CreateItens (20150609010831)
  [1m[35m (0.1ms)[0m  begin transaction
  [1m[36m (0.5ms)[0m  [1mCREATE TABLE "itens" ("id" INTEGER PRIMARY KEY AUTOINCREMENT NOT NULL, "venda_id" integer, "ord_item" integer, "produto_id" integer, "descricao" varchar, "quantidade" float, "valor_bruto" float, "valor_liquido" float, "desconto" float, "acrescimo" float, "created_at" datetime NOT NULL, "updated_at" datetime NOT NULL) [0m
  [1m[35m (0.1ms)[0m  select sqlite_version(*)
  [1m[36m (0.1ms)[0m  [1mCREATE  INDEX "index_itens_on_venda_id" ON "itens" ("venda_id")[0m
  [1m[35m (0.1ms)[0m              SELECT sql
            FROM sqlite_master
            WHERE name='index_itens_on_venda_id' AND type='index'
            UNION ALL
            SELECT sql
            FROM sqlite_temp_master
            WHERE name='index_itens_on_venda_id' AND type='index'

  [1m[36m (0.1ms)[0m  [1mCREATE  INDEX "index_itens_on_produto_id" ON "itens" ("produto_id")[0m
  [1m[35mSQL (0.2ms)[0m  INSERT INTO "schema_migrations" ("version") VALUES (?)  [["version", "20150609010831"]]
  [1m[36m (6.9ms)[0m  [1mcommit transaction[0m
  [1m[35mActiveRecord::SchemaMigration Load (0.1ms)[0m  SELECT "schema_migrations".* FROM "schema_migrations"
  [1m[36m (0.1ms)[0m  [1m            SELECT sql
            FROM sqlite_master
            WHERE name='index_itens_on_produto_id' AND type='index'
            UNION ALL
            SELECT sql
            FROM sqlite_temp_master
            WHERE name='index_itens_on_produto_id' AND type='index'
[0m
  [1m[35m (0.1ms)[0m              SELECT sql
            FROM sqlite_master
            WHERE name='index_itens_on_venda_id' AND type='index'
            UNION ALL
            SELECT sql
            FROM sqlite_temp_master
            WHERE name='index_itens_on_venda_id' AND type='index'

  [1m[36m (0.1ms)[0m  [1m            SELECT sql
            FROM sqlite_master
            WHERE name='index_vendas_on_planospagamento_id' AND type='index'
            UNION ALL
            SELECT sql
            FROM sqlite_temp_master
            WHERE name='index_vendas_on_planospagamento_id' AND type='index'
[0m
  [1m[35m (0.1ms)[0m              SELECT sql
            FROM sqlite_master
            WHERE name='index_vendas_on_cliente_id' AND type='index'
            UNION ALL
            SELECT sql
            FROM sqlite_temp_master
            WHERE name='index_vendas_on_cliente_id' AND type='index'



Started GET "/clientes" for 187.7.184.79 at 2015-06-09 01:27:27 +0000
Cannot render console from 187.7.184.79! Allowed networks: 127.0.0.1, ::1, 127.0.0.0/127.255.255.255
  [1m[36mActiveRecord::SchemaMigration Load (0.1ms)[0m  [1mSELECT "schema_migrations".* FROM "schema_migrations"[0m
Processing by ClientesController#index as HTML
  [1m[35mCliente Load (0.2ms)[0m  SELECT "clientes".* FROM "clientes"
  Rendered clientes/index.html.erb within layouts/application (14.0ms)
Completed 200 OK in 135ms (Views: 133.2ms | ActiveRecord: 0.6ms)


Started GET "/assets/itens.self-e3b0c44298fc1c149afbf4c8996fb92427ae41e4649b934ca495991b7852b855.css?body=1" for 187.7.184.79 at 2015-06-09 01:27:28 +0000
Cannot render console from 187.7.184.79! Allowed networks: 127.0.0.1, ::1, 127.0.0.0/127.255.255.255


Started GET "/assets/itens.self-877aef30ae1b040ab8a3aba4e3e309a11d7f2612f44dde450b5c157aa5f95c05.js?body=1" for 187.7.184.79 at 2015-06-09 01:27:28 +0000
Cannot render console from 187.7.184.79! Allowed networks: 127.0.0.1, ::1, 127.0.0.0/127.255.255.255
